This is pdfTeX, Version 3.14159265-2.6-1.40.18 (MiKTeX 2.9.6300 64-bit) (preloaded format=pdflatex 2019.4.29)  6 AUG 2019 10:11
entering extended mode
**./CV_English_JMAF_Short.tex
(CV_English_JMAF_Short.tex
LaTeX2e <2017-04-15>
Babel <3.9r> and hyphenation patterns for 75 language(s) loaded.
("C:\Program Files\MiKTeX 2.9\tex\latex\base\article.cls"
Document Class: article 2014/09/29 v1.4h Standard LaTeX document class
("C:\Program Files\MiKTeX 2.9\tex\latex\base\size12.clo"
File: size12.clo 2014/09/29 v1.4h Standard LaTeX file (size option)
)
\c@part=\count79
\c@section=\count80
\c@subsection=\count81
\c@subsubsection=\count82
\c@paragraph=\count83
\c@subparagraph=\count84
\c@figure=\count85
\c@table=\count86
\abovecaptionskip=\skip41
\belowcaptionskip=\skip42
\bibindent=\dimen102
)
("C:\Program Files\MiKTeX 2.9\tex\latex\tools\calc.sty"
Package: calc 2014/10/28 v4.3 Infix arithmetic (KKT,FJ)
\calc@Acount=\count87
\calc@Bcount=\count88
\calc@Adimen=\dimen103
\calc@Bdimen=\dimen104
\calc@Askip=\skip43
\calc@Bskip=\skip44
LaTeX Info: Redefining \setlength on input line 80.
LaTeX Info: Redefining \addtolength on input line 81.
\calc@Ccount=\count89
\calc@Cskip=\skip45
)
(C:\Users\jmaburto.SAM\AppData\Roaming\MiKTeX\2.9\tex\latex\comment\comment.sty
\CommentStream=\write3
Excluding comment 'comment')
\bibhang=\skip46
\bibsep=\skip47

("C:\Program Files\MiKTeX 2.9\tex\latex\geometry\geometry.sty"
Package: geometry 2010/09/12 v5.6 Page Geometry

("C:\Program Files\MiKTeX 2.9\tex\latex\graphics\keyval.sty"
Package: keyval 2014/10/28 v1.15 key=value parser (DPC)
\KV@toks@=\toks14
)
("C:\Program Files\MiKTeX 2.9\tex\generic\oberdiek\ifpdf.sty"
Package: ifpdf 2017/03/15 v3.2 Provides the ifpdf switch
)
("C:\Program Files\MiKTeX 2.9\tex\generic\oberdiek\ifvtex.sty"
Package: ifvtex 2016/05/16 v1.6 Detect VTeX and its facilities (HO)
Package ifvtex Info: VTeX not detected.
)
("C:\Program Files\MiKTeX 2.9\tex\generic\ifxetex\ifxetex.sty"
Package: ifxetex 2010/09/12 v0.6 Provides ifxetex conditional
)
\Gm@cnth=\count90
\Gm@cntv=\count91
\c@Gm@tempcnt=\count92
\Gm@bindingoffset=\dimen105
\Gm@wd@mp=\dimen106
\Gm@odd@mp=\dimen107
\Gm@even@mp=\dimen108
\Gm@layoutwidth=\dimen109
\Gm@layoutheight=\dimen110
\Gm@layouthoffset=\dimen111
\Gm@layoutvoffset=\dimen112
\Gm@dimlist=\toks15

("C:\Program Files\MiKTeX 2.9\tex\latex\geometry\geometry.cfg"))
(C:\Users\jmaburto.SAM\AppData\Roaming\MiKTeX\2.9\tex\latex\enumitem\enumitem.s
ty
Package: enumitem 2019/02/04 v3.8 Customized lists
\labelindent=\skip48
\enit@outerparindent=\dimen113
\enit@toks=\toks16
\enit@inbox=\box26
\enit@count@id=\count93
\enitdp@description=\count94
)
(C:\Users\jmaburto.SAM\AppData\Roaming\MiKTeX\2.9\tex\latex\fancyhdr\fancyhdr.s
ty
Package: fancyhdr 2019/01/31 v3.10 Extensive control of page headers and footer
s
\f@nch@headwidth=\skip49
\f@nch@O@elh=\skip50
\f@nch@O@erh=\skip51
\f@nch@O@olh=\skip52
\f@nch@O@orh=\skip53
\f@nch@O@elf=\skip54
\f@nch@O@erf=\skip55
\f@nch@O@olf=\skip56
\f@nch@O@orf=\skip57
)
(C:\Users\jmaburto.SAM\AppData\Roaming\MiKTeX\2.9\tex\latex\lastpage\lastpage.s
ty
Package: lastpage 2015/03/29 v1.2m Refers to last page's name (HMM; JPG)
)
\footpageshift=\skip58
 ("C:\Program Files\MiKTeX 2.9\tex\latex\graphics\color.sty"
Package: color 2016/07/10 v1.1e Standard LaTeX Color (DPC)

("C:\Program Files\MiKTeX 2.9\tex\latex\graphics-cfg\color.cfg"
File: color.cfg 2016/01/02 v1.6 sample color configuration
)
Package color Info: Driver file: pdftex.def on input line 147.

("C:\Program Files\MiKTeX 2.9\tex\latex\graphics-def\pdftex.def"
File: pdftex.def 2017/01/12 v0.06k Graphics/color for pdfTeX

("C:\Program Files\MiKTeX 2.9\tex\generic\oberdiek\infwarerr.sty"
Package: infwarerr 2016/05/16 v1.4 Providing info/warning/error messages (HO)
)
("C:\Program Files\MiKTeX 2.9\tex\generic\oberdiek\ltxcmds.sty"
Package: ltxcmds 2016/05/16 v1.23 LaTeX kernel commands for general use (HO)
)
\Gread@gobject=\count95
))
("C:\Program Files\MiKTeX 2.9\tex\latex\hyperref\hyperref.sty"
Package: hyperref 2017/03/14 v6.85a Hypertext links for LaTeX

("C:\Program Files\MiKTeX 2.9\tex\generic\oberdiek\hobsub-hyperref.sty"
Package: hobsub-hyperref 2016/05/16 v1.14 Bundle oberdiek, subset hyperref (HO)


("C:\Program Files\MiKTeX 2.9\tex\generic\oberdiek\hobsub-generic.sty"
Package: hobsub-generic 2016/05/16 v1.14 Bundle oberdiek, subset generic (HO)
Package: hobsub 2016/05/16 v1.14 Construct package bundles (HO)
Package hobsub Info: Skipping package `infwarerr' (already loaded).
Package hobsub Info: Skipping package `ltxcmds' (already loaded).
Package: ifluatex 2016/05/16 v1.4 Provides the ifluatex switch (HO)
Package ifluatex Info: LuaTeX not detected.
Package hobsub Info: Skipping package `ifvtex' (already loaded).
Package: intcalc 2016/05/16 v1.2 Expandable calculations with integers (HO)
Package hobsub Info: Skipping package `ifpdf' (already loaded).
Package: etexcmds 2016/05/16 v1.6 Avoid name clashes with e-TeX commands (HO)
Package etexcmds Info: Could not find \expanded.
(etexcmds)             That can mean that you are not using pdfTeX 1.50 or
(etexcmds)             that some package has redefined \expanded.
(etexcmds)             In the latter case, load this package earlier.
Package: kvsetkeys 2016/05/16 v1.17 Key value parser (HO)
Package: kvdefinekeys 2016/05/16 v1.4 Define keys (HO)
Package: pdftexcmds 2017/03/19 v0.25 Utility functions of pdfTeX for LuaTeX (HO
)
Package pdftexcmds Info: LuaTeX not detected.
Package pdftexcmds Info: \pdf@primitive is available.
Package pdftexcmds Info: \pdf@ifprimitive is available.
Package pdftexcmds Info: \pdfdraftmode found.
Package: pdfescape 2016/05/16 v1.14 Implements pdfTeX's escape features (HO)
Package: bigintcalc 2016/05/16 v1.4 Expandable calculations on big integers (HO
)
Package: bitset 2016/05/16 v1.2 Handle bit-vector datatype (HO)
Package: uniquecounter 2016/05/16 v1.3 Provide unlimited unique counter (HO)
)
Package hobsub Info: Skipping package `hobsub' (already loaded).
Package: letltxmacro 2016/05/16 v1.5 Let assignment for LaTeX macros (HO)
Package: hopatch 2016/05/16 v1.3 Wrapper for package hooks (HO)
Package: xcolor-patch 2016/05/16 xcolor patch
Package: atveryend 2016/05/16 v1.9 Hooks at the very end of document (HO)
Package atveryend Info: \enddocument detected (standard20110627).
Package: atbegshi 2016/06/09 v1.18 At begin shipout hook (HO)
Package: refcount 2016/05/16 v3.5 Data extraction from label references (HO)
Package: hycolor 2016/05/16 v1.8 Color options for hyperref/bookmark (HO)
)
("C:\Program Files\MiKTeX 2.9\tex\latex\oberdiek\auxhook.sty"
Package: auxhook 2016/05/16 v1.4 Hooks for auxiliary files (HO)
)
("C:\Program Files\MiKTeX 2.9\tex\latex\oberdiek\kvoptions.sty"
Package: kvoptions 2016/05/16 v3.12 Key value format for package options (HO)
)
\@linkdim=\dimen114
\Hy@linkcounter=\count96
\Hy@pagecounter=\count97

("C:\Program Files\MiKTeX 2.9\tex\latex\hyperref\pd1enc.def"
File: pd1enc.def 2017/03/14 v6.85a Hyperref: PDFDocEncoding definition (HO)
)
\Hy@SavedSpaceFactor=\count98

("C:\Program Files\MiKTeX 2.9\tex\latex\00miktex\hyperref.cfg"
File: hyperref.cfg 2002/06/06 v1.2 hyperref configuration of TeXLive
)
Package hyperref Info: Hyper figures OFF on input line 4498.
Package hyperref Info: Link nesting OFF on input line 4503.
Package hyperref Info: Hyper index ON on input line 4506.
Package hyperref Info: Plain pages OFF on input line 4513.
Package hyperref Info: Backreferencing OFF on input line 4518.
Package hyperref Info: Implicit mode ON; LaTeX internals redefined.
Package hyperref Info: Bookmarks ON on input line 4751.
\c@Hy@tempcnt=\count99

(C:\Users\jmaburto.SAM\AppData\Roaming\MiKTeX\2.9\tex\latex\url\url.sty
\Urlmuskip=\muskip10
Package: url 2013/09/16  ver 3.4  Verb mode for urls, etc.
)
LaTeX Info: Redefining \url on input line 5104.
\XeTeXLinkMargin=\dimen115
\Fld@menulength=\count100
\Field@Width=\dimen116
\Fld@charsize=\dimen117
Package hyperref Info: Hyper figures OFF on input line 6358.
Package hyperref Info: Link nesting OFF on input line 6363.
Package hyperref Info: Hyper index ON on input line 6366.
Package hyperref Info: backreferencing OFF on input line 6373.
Package hyperref Info: Link coloring OFF on input line 6378.
Package hyperref Info: Link coloring with OCG OFF on input line 6383.
Package hyperref Info: PDF/A mode OFF on input line 6388.
LaTeX Info: Redefining \ref on input line 6428.
LaTeX Info: Redefining \pageref on input line 6432.
\Hy@abspage=\count101
\c@Item=\count102
\c@Hfootnote=\count103
)

Package hyperref Message: Driver (autodetected): hpdftex.

("C:\Program Files\MiKTeX 2.9\tex\latex\hyperref\hpdftex.def"
File: hpdftex.def 2017/03/14 v6.85a Hyperref driver for pdfTeX
\Fld@listcount=\count104
\c@bookmark@seq@number=\count105

("C:\Program Files\MiKTeX 2.9\tex\latex\oberdiek\rerunfilecheck.sty"
Package: rerunfilecheck 2016/05/16 v1.8 Rerun checks for auxiliary files (HO)
Package uniquecounter Info: New unique counter `rerunfilecheck' on input line 2
82.
)
\Hy@SectionHShift=\skip59
)
Package hyperref Info: Option `colorlinks' set `true' on input line 129.
Package hyperref Info: Option `breaklinks' set `true' on input line 129.

(CV_English_JMAF_Short.aux)
\openout1 = `CV_English_JMAF_Short.aux'.

LaTeX Font Info:    Checking defaults for OML/cmm/m/it on input line 230.
LaTeX Font Info:    ... okay on input line 230.
LaTeX Font Info:    Checking defaults for T1/cmr/m/n on input line 230.
LaTeX Font Info:    ... okay on input line 230.
LaTeX Font Info:    Checking defaults for OT1/cmr/m/n on input line 230.
LaTeX Font Info:    ... okay on input line 230.
LaTeX Font Info:    Checking defaults for OMS/cmsy/m/n on input line 230.
LaTeX Font Info:    ... okay on input line 230.
LaTeX Font Info:    Checking defaults for OMX/cmex/m/n on input line 230.
LaTeX Font Info:    ... okay on input line 230.
LaTeX Font Info:    Checking defaults for U/cmr/m/n on input line 230.
LaTeX Font Info:    ... okay on input line 230.
LaTeX Font Info:    Checking defaults for PD1/pdf/m/n on input line 230.
LaTeX Font Info:    ... okay on input line 230.

*geometry* driver: auto-detecting
*geometry* detected driver: pdftex
*geometry* verbose mode - [ preamble ] result:
* driver: pdftex
* paper: letterpaper
* layout: <same size as paper>
* layoutoffset:(h,v)=(0.0pt,0.0pt)
* modes: includemp 
* h-part:(L,W,R)=(72.26999pt, 469.75502pt, 72.26999pt)
* v-part:(T,H,B)=(72.26999pt, 650.43001pt, 72.26999pt)
* \paperwidth=614.295pt
* \paperheight=794.96999pt
* \textwidth=379.41754pt
* \textheight=650.43001pt
* \oddsidemargin=90.33748pt
* \evensidemargin=90.33748pt
* \topmargin=-37.0pt
* \headheight=12.0pt
* \headsep=25.0pt
* \topskip=12.0pt
* \footskip=30.0pt
* \marginparwidth=86.72377pt
* \marginparsep=3.61371pt
* \columnsep=10.0pt
* \skip\footins=10.8pt plus 4.0pt minus 2.0pt
* \hoffset=0.0pt
* \voffset=0.0pt
* \mag=1000
* \@twocolumnfalse
* \@twosidefalse
* \@mparswitchfalse
* \@reversemargintrue
* (1in=72.27pt=25.4mm, 1cm=28.453pt)

Package lastpage Info: Please have a look at the pageslts package at
(lastpage)             https://www.ctan.org/pkg/pageslts
(lastpage)             ! on input line 230.

(C:\Users\jmaburto.SAM\AppData\Roaming\MiKTeX\2.9\tex\context\base\mkii\supp-pd
f.mkii
[Loading MPS to PDF converter (version 2006.09.02).]
\scratchcounter=\count106
\scratchdimen=\dimen118
\scratchbox=\box27
\nofMPsegments=\count107
\nofMParguments=\count108
\everyMPshowfont=\toks17
\MPscratchCnt=\count109
\MPscratchDim=\dimen119
\MPnumerator=\count110
\makeMPintoPDFobject=\count111
\everyMPtoPDFconversion=\toks18
)
\AtBeginShipoutBox=\box28
Package hyperref Info: Link coloring ON on input line 230.
 ("C:\Program Files\MiKTeX 2.9\tex\latex\hyperref\nameref.sty"
Package: nameref 2016/05/21 v2.44 Cross-referencing by name of section

("C:\Program Files\MiKTeX 2.9\tex\generic\oberdiek\gettitlestring.sty"
Package: gettitlestring 2016/05/16 v1.5 Cleanup title references (HO)
)
\c@section@level=\count112
)
LaTeX Info: Redefining \ref on input line 230.
LaTeX Info: Redefining \pageref on input line 230.
LaTeX Info: Redefining \nameref on input line 230.

(CV_English_JMAF_Short.out) (CV_English_JMAF_Short.out)
\@outlinefile=\write4
\openout4 = `CV_English_JMAF_Short.out'.

\rcollength=\skip60
LaTeX Font Info:    External font `cmex10' loaded for size
(Font)              <12> on input line 243.
LaTeX Font Info:    External font `cmex10' loaded for size
(Font)              <8> on input line 243.
LaTeX Font Info:    External font `cmex10' loaded for size
(Font)              <6> on input line 243.

Overfull \hbox (14.3904pt too wide) in paragraph at lines 270--279
[]\OT1/cmr/bx/n/12 PhD in Pub-lic Health and De-mog-ra-phy \OT1/cmr/m/n/12 [Ex-
pected sub-mis-sion Novem-ber
 []


Overfull \hbox (31.45044pt too wide) in paragraph at lines 270--279
\OT1/cmr/m/n/12 2019] [][]Uni-ver-sity of South-ern Den-mark and Max Planck In-
sti-tute for De-mo-graphic
 []


Overfull \hbox (19.36662pt too wide) in paragraph at lines 298--300
[]\OT1/cmr/bx/n/12 Best poster award Pop-u-la-tion As-so-ci-a-tion of Amer-ica 
2018\OT1/cmr/m/n/12 : Homi-cides
 []


Underfull \hbox (badness 10000) in paragraph at lines 298--300

 []


Overfull \hbox (13.61842pt too wide) in paragraph at lines 301--303
\OT1/cmr/m/it/12 Epi-demi-ol-ogy and Com-mu-nity Health\OT1/cmr/m/n/12 . [][]\O
T1/cmtt/m/n/12 http://jech.bmj.com/content/71/2[][]
 []


Underfull \hbox (badness 10000) in paragraph at lines 301--303

 []


Underfull \hbox (badness 10000) in paragraph at lines 304--305

 []

Missing character: There is no Ã in font cmbx12!
Missing character: There is no ¦ in font cmbx12!

Underfull \hbox (badness 10000) in paragraph at lines 308--309

 []


Overfull \hbox (1.14087pt too wide) in paragraph at lines 310--312
[]\OT1/cmr/bx/n/12 Funding for re-search stay at Uni-ver-si-dad Autonoma de Ba
rcelona.
 []


Underfull \hbox (badness 10000) in paragraph at lines 310--312

 []


Underfull \hbox (badness 10000) in paragraph at lines 313--315

 []

[1

{C:/Users/jmaburto.SAM/AppData/Local/MiKTeX/2.9/pdftex/config/pdftex.map}]
Overfull \hbox (4.21187pt too wide) in paragraph at lines 316--317
[]\OT1/cmr/bx/n/12 Title: Health Sta-tus of the Pop-u-la-tion of Saudi Ara-bia.
 \OT1/cmr/m/n/12 De-scrip-tion:
 []


Underfull \hbox (badness 10000) in paragraph at lines 316--317

 []


Underfull \hbox (badness 10000) in paragraph at lines 319--320

 []


Overfull \hbox (3.66425pt too wide) in paragraph at lines 322--323
[]\OT1/cmr/bx/n/12 National Coun-cil of Sci-ence and Tech-nol-ogy (CONA-CYT) fu
nd-ing
 []


Underfull \hbox (badness 10000) in paragraph at lines 322--323

 []


Overfull \hbox (9.82396pt too wide) in paragraph at lines 325--326
[]\OT1/cmr/bx/n/12 National Coun-cil of Sci-ence and Tech-nol-ogy (CONA-CYT) St
udent-
 []


Underfull \hbox (badness 10000) in paragraph at lines 325--326

 []


Underfull \hbox (badness 10000) in paragraph at lines 328--329

 []

Missing character: There is no â in font cmr12!
Missing character: There is no € in font cmr12!
Missing character: There is no “ in font cmr12!

Underfull \hbox (badness 10000) in paragraph at lines 334--336

 []


Underfull \hbox (badness 10000) in paragraph at lines 337--338

 []


Overfull \hbox (1.32335pt too wide) in paragraph at lines 339--340
[]\OT1/cmr/m/n/12 14. Alvarez-Martnez, J., \OT1/cmr/bx/n/12 Aburto, J.M.\OT1/
cmr/m/n/12 , Canudas-Romo, V. (2019) ``Latin
 []


Underfull \hbox (badness 10000) in paragraph at lines 339--340

 []


Overfull \hbox (5.9423pt too wide) in paragraph at lines 341--342
\OT1/cmr/m/n/12 vi-o-lence on Venezue-lan life ex-pectancy and lifes-pan in-equ
al-ity'' \OT1/cmr/m/it/12 In-ter-na-tional
 []


Underfull \hbox (badness 10000) in paragraph at lines 341--342

 []


Underfull \hbox (badness 10000) in paragraph at lines 343--344

 []

[2]
Overfull \hbox (34.17914pt too wide) in paragraph at lines 345--346
\OT1/cmr/m/n/12 2015''.  \OT1/cmr/m/it/12 Amer-i-can Jour-nal of Pub-lic Health
\OT1/cmr/m/n/12 , 109(3), 483-489. [][]\OT1/cmtt/m/n/12 doi:10.2105/AJPH.[][] 
 []


Underfull \hbox (badness 10000) in paragraph at lines 345--346

 []


Underfull \hbox (badness 10000) in paragraph at lines 347--348

 []


Overfull \hbox (3.84692pt too wide) in paragraph at lines 349--350
[]\OT1/cmr/m/n/12 9. \OT1/cmr/bx/n/12 Aburto, J.M.\OT1/cmr/m/n/12 , Riffe, T., 
Canudas-Romo, V. (2018) ``Trends in avoid-able
 []


Overfull \hbox (1.14278pt too wide) in paragraph at lines 349--350
\OT1/cmr/m/n/12 de-mo-graphic anal-y-sis''. \OT1/cmr/m/it/12 BMJ Open \OT1/cmr/
m/n/12 2018;8:e022350. doi: 10.1136/bmjopen-
 []


Underfull \hbox (badness 10000) in paragraph at lines 349--350

 []


Overfull \hbox (5.31273pt too wide) in paragraph at lines 352--353
\OT1/cmr/m/n/12 (2018). ``Po-ten-tial gains in life ex-pectancy by re-duc-ing i
n-equal-ity of lifes-pans
 []


Underfull \hbox (badness 10000) in paragraph at lines 352--353

 []


Overfull \hbox (30.6323pt too wide) in paragraph at lines 354--355
[]\OT1/cmr/m/n/12 7. Canudas-Romo, V., \OT1/cmr/bx/n/12 Aburto, J.M. \OT1/cmr/m
/n/12 (Co-first au-thor) (2017). ``Biode-mog-ra-phy
 []


Underfull \hbox (badness 10000) in paragraph at lines 354--355

 []


Underfull \hbox (badness 10000) in paragraph at lines 356--357

 []


Overfull \hbox (0.43506pt too wide) in paragraph at lines 358--359
\OT1/cmr/m/n/12 For Men And Slowed Them For Women, 2000-10''. \OT1/cmr/m/it/12 
Health Af-fairs\OT1/cmr/m/n/12 , 35(1),88-
 []


Underfull \hbox (badness 10000) in paragraph at lines 358--359

 []


Underfull \hbox (badness 10000) in paragraph at lines 360--361

 []


Underfull \hbox (badness 10000) in paragraph at lines 365--367

 []

[3]
Underfull \hbox (badness 10000) in paragraph at lines 368--369

 []


Underfull \hbox (badness 10000) in paragraph at lines 370--372

 []


Underfull \hbox (badness 10000) in paragraph at lines 375--376

 []


Overfull \hbox (44.38324pt too wide) in paragraph at lines 377--378
\OT1/cmr/m/n/12 na-tion into a pub-lic health cri-sis. The Con-ver-sa-tion UK. 
[][]\OT1/cmtt/m/n/12 https://bit.ly/2WkwH0s[][]\OT1/cmr/m/n/12 . 
 []


Underfull \hbox (badness 10000) in paragraph at lines 377--378

 []


Underfull \hbox (badness 10000) in paragraph at lines 379--380

 []


Overfull \hbox (3.23769pt too wide) in paragraph at lines 383--385
\OT1/cmr/m/n/12 Riffe, T., \OT1/cmr/bx/n/12 Aburto, J.M. \OT1/cmr/m/n/12 ``Lexi
s fields'' Re-vise and re-sub-mit in De-mo-graphic
 []


Overfull \hbox (17.1335pt too wide) in paragraph at lines 383--385
\OT1/cmr/m/n/12 Preprint: [][]\OT1/cmtt/m/n/12 https://www.demogr.mpg.de/papers
/working/wp-2019-001.pdf[][] 
 []


Underfull \hbox (badness 10000) in paragraph at lines 383--385

 []


Underfull \hbox (badness 10000) in paragraph at lines 386--387

 []


Underfull \hbox (badness 10000) in paragraph at lines 389--390

 []


Underfull \hbox (badness 10000) in paragraph at lines 394--395

 []


Underfull \hbox (badness 10000) in paragraph at lines 396--397

 []

[4]
Underfull \hbox (badness 10000) in paragraph at lines 399--400

 []


Overfull \hbox (8.28035pt too wide) in paragraph at lines 402--403
[]\OT1/cmr/m/n/12 Pescador, M., Flo-res, A., Vi-g-nau, M., Riffe, T., Canudas-R
omo, V., \OT1/cmr/bx/n/12 Aburto,
 []


Underfull \hbox (badness 10000) in paragraph at lines 402--403

 []


Underfull \hbox (badness 10000) in paragraph at lines 404--405

 []


Underfull \hbox (badness 10000) in paragraph at lines 408--409

 []


Overfull \hbox (5.74454pt too wide) in paragraph at lines 410--412
[][]\OT1/cmtt/m/n/10.95 https://population-health.shinyapps.io/saudi-arabia-hea
lth-profile/[][] 
 []


Underfull \hbox (badness 10000) in paragraph at lines 410--412

 []


Underfull \hbox (badness 10000) in paragraph at lines 413--414

 []


Overfull \hbox (7.8121pt too wide) in paragraph at lines 417--418
[]\OT1/cmr/m/n/10.95 13/05/2019 - 17/05/2019. \OT1/cmr/bx/n/10.95 Lec-turer\OT1
/cmr/m/n/10.95 . Math-e-mat-i-cal De-mog-ra-phy: De-com-po-si-tion
 []


Underfull \hbox (badness 10000) in paragraph at lines 417--418

 []


Underfull \hbox (badness 10000) in paragraph at lines 419--420

 []


Underfull \hbox (badness 10000) in paragraph at lines 421--422

 []


Overfull \hbox (7.8121pt too wide) in paragraph at lines 423--424
[]\OT1/cmr/m/n/10.95 09/04/2018 - 13/04/2018. \OT1/cmr/bx/n/10.95 Lec-turer\OT1
/cmr/m/n/10.95 . Math-e-mat-i-cal De-mog-ra-phy: De-com-po-si-tion
 []


Underfull \hbox (badness 10000) in paragraph at lines 423--424

 []


Underfull \hbox (badness 10000) in paragraph at lines 425--426

 []


Underfull \hbox (badness 10000) in paragraph at lines 427--428

 []

[5]
Overfull \hbox (2.1497pt too wide) in paragraph at lines 432--433
[]\OT1/cmr/m/n/10.95 01/09/2015-Present. \OT1/cmr/bx/n/10.95 Guest re-searcher\
OT1/cmr/m/n/10.95 . Max Planck In-sti-tute for De-mo-graphic
 []


Underfull \hbox (badness 10000) in paragraph at lines 432--433

 []


Overfull \hbox (42.0929pt too wide) in paragraph at lines 434--435
[]\OT1/cmr/m/n/10.95 01/12/2018 - 04/01/2019. \OT1/cmr/bx/n/10.95 Vis-it-ing Sc
holar\OT1/cmr/m/n/10.95 . In-sti-tut na-tional d'etudes demographiques. 
 []


Underfull \hbox (badness 10000) in paragraph at lines 434--435

 []


Underfull \hbox (badness 10000) in paragraph at lines 436--437

 []


Underfull \hbox (badness 10000) in paragraph at lines 438--439

 []


Overfull \hbox (26.16777pt too wide) in paragraph at lines 440--441
\OT1/cmr/m/n/10.95 Biode-mog-ra-phy of Ag-ing; IST - EBB/Epidemiology, Bio-stat
is-tics and Biode-mog-ra-phy.
 []


Underfull \hbox (badness 10000) in paragraph at lines 440--441

 []


Underfull \hbox (badness 10000) in paragraph at lines 442--443

 []


Underfull \hbox (badness 10000) in paragraph at lines 444--445

 []


Overfull \hbox (29.91867pt too wide) in paragraph at lines 446--447
[]\OT1/cmr/m/n/10.95 15/08/2007 - 01/06/2009. \OT1/cmr/bx/n/10.95 Risk Ac-count
 An-a-lyst\OT1/cmr/m/n/10.95 . AON Risk Ser-vices ([][]Guadala-jara,
 []


Package hyperref Warning: Token not allowed in a PDF string (PDFDocEncoding):
(hyperref)                removing `\\' on input line 450.


Underfull \hbox (badness 10000) in paragraph at lines 452--453

 []


Underfull \hbox (badness 10000) in paragraph at lines 454--455

 []

LaTeX Font Info:    External font `cmex10' loaded for size
(Font)              <10.95> on input line 458.

Underfull \hbox (badness 10000) in paragraph at lines 458--459

 []


Underfull \hbox (badness 10000) in paragraph at lines 460--461

 []


Underfull \hbox (badness 10000) in paragraph at lines 462--463

 []


Underfull \hbox (badness 10000) in paragraph at lines 464--465

 []


Underfull \hbox (badness 10000) in paragraph at lines 466--467

 []

[6]
Underfull \hbox (badness 10000) in paragraph at lines 468--469

 []


Underfull \hbox (badness 10000) in paragraph at lines 473--478

 []


Underfull \hbox (badness 10000) in paragraph at lines 480--482

 []

Missing character: There is no â in font cmbx10!
Missing character: There is no € in font cmbx10!
Missing character: There is no “ in font cmbx10!

Underfull \hbox (badness 10000) in paragraph at lines 485--488

 []

[7]
Underfull \hbox (badness 10000) in paragraph at lines 505--506

 []


Underfull \hbox (badness 10000) in paragraph at lines 507--508

 []


Overfull \hbox (10.23991pt too wide) in paragraph at lines 509--510
[]\OT1/cmr/bx/n/10.95 The im-pact of vi-o-lence on lifes-pan in-equal-ity in Me
x-ico\OT1/cmr/m/n/10.95 . Oral Pre-sen-ta-tion.
 []


Underfull \hbox (badness 10000) in paragraph at lines 509--510

 []


Underfull \hbox (badness 10000) in paragraph at lines 511--512

 []


Underfull \hbox (badness 10000) in paragraph at lines 513--514

 []


Overfull \hbox (16.9729pt too wide) in paragraph at lines 544--545
\OT1/cmr/m/n/10.95 Jour-nal of Pop-u-la-tion, Epi-demi-ol-ogy, Jour-nal of Re-s
earch in Crime and Delin-quency,
 []


AED: lastpage setting LastPage
[8]
Package atveryend Info: Empty hook `BeforeClearDocument' on input line 603.
Package atveryend Info: Empty hook `AfterLastShipout' on input line 603.
 (CV_English_JMAF_Short.aux)
Package atveryend Info: Executing hook `AtVeryEndDocument' on input line 603.
Package atveryend Info: Executing hook `AtEndAfterFileList' on input line 603.
Package rerunfilecheck Info: File `CV_English_JMAF_Short.out' has not changed.
(rerunfilecheck)             Checksum: 1505D8F1610F006A72BF28E04209BEC2;751.
Package atveryend Info: Empty hook `AtVeryVeryEnd' on input line 603.
 ) 
Here is how much of TeX's memory you used:
 5965 strings out of 493328
 89037 string characters out of 3139103
 186386 words of memory out of 3000000
 9435 multiletter control sequences out of 15000+200000
 10862 words of font info for 38 fonts, out of 3000000 for 9000
 1141 hyphenation exceptions out of 8191
 28i,14n,43p,427b,322s stack positions out of 5000i,500n,10000p,200000b,50000s
<C:/Program Files/MiKTeX 2.9/fonts/type1/public/amsfonts/cm/cmbx10.pfb><C:/Pr
ogram Files/MiKTeX 2.9/fonts/type1/public/amsfonts/cm/cmbx12.pfb><C:/Program Fi
les/MiKTeX 2.9/fonts/type1/public/amsfonts/cm/cmbxti10.pfb><C:/Program Files/Mi
KTeX 2.9/fonts/type1/public/amsfonts/cm/cmcsc10.pfb><C:/Program Files/MiKTeX 2.
9/fonts/type1/public/amsfonts/cm/cmr10.pfb><C:/Program Files/MiKTeX 2.9/fonts/t
ype1/public/amsfonts/cm/cmr12.pfb><C:/Program Files/MiKTeX 2.9/fonts/type1/publ
ic/amsfonts/cm/cmti10.pfb><C:/Program Files/MiKTeX 2.9/fonts/type1/public/amsfo
nts/cm/cmti12.pfb><C:/Program Files/MiKTeX 2.9/fonts/type1/public/amsfonts/cm/c
mtt10.pfb><C:/Program Files/MiKTeX 2.9/fonts/type1/public/amsfonts/cm/cmtt12.pf
b>
Output written on CV_English_JMAF_Short.pdf (8 pages, 216127 bytes).
PDF statistics:
 191 PDF objects out of 1000 (max. 8388607)
 28 named destinations out of 1000 (max. 500000)
 105 words of extra memory for PDF output out of 10000 (max. 10000000)

