This is pdfTeX, Version 3.14159265-2.6-1.40.21 (MiKTeX 20.7) (preloaded format=pdflatex 2020.9.21)  30 SEP 2020 10:00
entering extended mode
**./CV_English_JMAF_Short.tex
(CV_English_JMAF_Short.tex
LaTeX2e <2020-02-02> patch level 5
L3 programming layer <2020-09-03>
(C:\Users\jmabu\AppData\Local\Programs\MiKTeX\tex/latex/base\article.cls
Document Class: article 2019/12/20 v1.4l Standard LaTeX document class
(C:\Users\jmabu\AppData\Local\Programs\MiKTeX\tex/latex/base\size12.clo
File: size12.clo 2019/12/20 v1.4l Standard LaTeX file (size option)
)
\c@part=\count168
\c@section=\count169
\c@subsection=\count170
\c@subsubsection=\count171
\c@paragraph=\count172
\c@subparagraph=\count173
\c@figure=\count174
\c@table=\count175
\abovecaptionskip=\skip47
\belowcaptionskip=\skip48
\bibindent=\dimen134
)
(C:\Users\jmabu\AppData\Local\Programs\MiKTeX\tex/latex/tools\calc.sty
Package: calc 2017/05/25 v4.3 Infix arithmetic (KKT,FJ)
\calc@Acount=\count176
\calc@Bcount=\count177
\calc@Adimen=\dimen135
\calc@Bdimen=\dimen136
\calc@Askip=\skip49
\calc@Bskip=\skip50
LaTeX Info: Redefining \setlength on input line 80.
LaTeX Info: Redefining \addtolength on input line 81.
\calc@Ccount=\count178
\calc@Cskip=\skip51
)
(C:\Users\jmabu\AppData\Local\Programs\MiKTeX\tex/latex/comment\comment.sty
\CommentStream=\write3

Excluding comment 'comment')
(C:\Users\jmabu\AppData\Local\Programs\MiKTeX\tex/latex/base\inputenc.sty
Package: inputenc 2018/08/11 v1.3c Input encoding file
\inpenc@prehook=\toks15
\inpenc@posthook=\toks16
)
\bibhang=\skip52
\bibsep=\skip53

(C:\Users\jmabu\AppData\Local\Programs\MiKTeX\tex/latex/geometry\geometry.sty
Package: geometry 2020/01/02 v5.9 Page Geometry

(C:\Users\jmabu\AppData\Local\Programs\MiKTeX\tex/latex/graphics\keyval.sty
Package: keyval 2014/10/28 v1.15 key=value parser (DPC)
\KV@toks@=\toks17
)
(C:\Users\jmabu\AppData\Local\Programs\MiKTeX\tex/generic/iftex\ifvtex.sty
Package: ifvtex 2019/10/25 v1.7 ifvtex legacy package. Use iftex instead.

(C:\Users\jmabu\AppData\Local\Programs\MiKTeX\tex/generic/iftex\iftex.sty
Package: iftex 2020/03/06 v1.0d TeX engine tests
))
\Gm@cnth=\count179
\Gm@cntv=\count180
\c@Gm@tempcnt=\count181
\Gm@bindingoffset=\dimen137
\Gm@wd@mp=\dimen138
\Gm@odd@mp=\dimen139
\Gm@even@mp=\dimen140
\Gm@layoutwidth=\dimen141
\Gm@layoutheight=\dimen142
\Gm@layouthoffset=\dimen143
\Gm@layoutvoffset=\dimen144
\Gm@dimlist=\toks18

(C:\Users\jmabu\AppData\Local\Programs\MiKTeX\tex/latex/geometry\geometry.cfg))
(C:\Users\jmabu\AppData\Local\Programs\MiKTeX\tex/latex/enumitem\enumitem.sty
Package: enumitem 2019/06/20 v3.9 Customized lists
\labelindent=\skip54
\enit@outerparindent=\dimen145
\enit@toks=\toks19
\enit@inbox=\box45
\enit@count@id=\count182
\enitdp@description=\count183
)
(C:\Users\jmabu\AppData\Local\Programs\MiKTeX\tex/latex/fancyhdr\fancyhdr.sty
Package: fancyhdr 2019/01/31 v3.10 Extensive control of page headers and footer
s
\f@nch@headwidth=\skip55
\f@nch@O@elh=\skip56
\f@nch@O@erh=\skip57
\f@nch@O@olh=\skip58
\f@nch@O@orh=\skip59
\f@nch@O@elf=\skip60
\f@nch@O@erf=\skip61
\f@nch@O@olf=\skip62
\f@nch@O@orf=\skip63
)
(C:\Users\jmabu\AppData\Local\Programs\MiKTeX\tex/latex/lastpage\lastpage.sty
Package: lastpage 2015/03/29 v1.2m Refers to last page's name (HMM; JPG)
)
\footpageshift=\skip64

(C:\Users\jmabu\AppData\Local\Programs\MiKTeX\tex/latex/graphics\color.sty
Package: color 2019/11/23 v1.2a Standard LaTeX Color (DPC)

(C:\Users\jmabu\AppData\Local\Programs\MiKTeX\tex/latex/graphics-cfg\color.cfg
File: color.cfg 2016/01/02 v1.6 sample color configuration
)
Package color Info: Driver file: pdftex.def on input line 147.

(C:\Users\jmabu\AppData\Local\Programs\MiKTeX\tex/latex/graphics-def\pdftex.def
File: pdftex.def 2020/08/26 v1.2 Graphics/color driver for pdftex
))
(C:\Users\jmabu\AppData\Local\Programs\MiKTeX\tex/latex/hyperref\hyperref.sty
Package: hyperref 2020-05-15 v7.00e Hypertext links for LaTeX

(C:\Users\jmabu\AppData\Local\Programs\MiKTeX\tex/generic/ltxcmds\ltxcmds.sty
Package: ltxcmds 2019/12/15 v1.24 LaTeX kernel commands for general use (HO)
)
(C:\Users\jmabu\AppData\Local\Programs\MiKTeX\tex/generic/pdftexcmds\pdftexcmds
.sty
Package: pdftexcmds 2020-06-27 v0.33 Utility functions of pdfTeX for LuaTeX (HO
)

(C:\Users\jmabu\AppData\Local\Programs\MiKTeX\tex/generic/infwarerr\infwarerr.s
ty
Package: infwarerr 2019/12/03 v1.5 Providing info/warning/error messages (HO)
)
Package pdftexcmds Info: \pdf@primitive is available.
Package pdftexcmds Info: \pdf@ifprimitive is available.
Package pdftexcmds Info: \pdfdraftmode found.
)
(C:\Users\jmabu\AppData\Local\Programs\MiKTeX\tex/generic/kvsetkeys\kvsetkeys.s
ty
Package: kvsetkeys 2019/12/15 v1.18 Key value parser (HO)
)
(C:\Users\jmabu\AppData\Local\Programs\MiKTeX\tex/generic/kvdefinekeys\kvdefine
keys.sty
Package: kvdefinekeys 2019-12-19 v1.6 Define keys (HO)
)
(C:\Users\jmabu\AppData\Local\Programs\MiKTeX\tex/generic/pdfescape\pdfescape.s
ty
Package: pdfescape 2019/12/09 v1.15 Implements pdfTeX's escape features (HO)
) (C:\Users\jmabu\AppData\Local\Programs\MiKTeX\tex/latex/hycolor\hycolor.sty
Package: hycolor 2020-01-27 v1.10 Color options for hyperref/bookmark (HO)
)
(C:\Users\jmabu\AppData\Local\Programs\MiKTeX\tex/latex/letltxmacro\letltxmacro
.sty
Package: letltxmacro 2019/12/03 v1.6 Let assignment for LaTeX macros (HO)
)
(C:\Users\jmabu\AppData\Local\Programs\MiKTeX\tex/latex/auxhook\auxhook.sty
Package: auxhook 2019-12-17 v1.6 Hooks for auxiliary files (HO)
)
(C:\Users\jmabu\AppData\Local\Programs\MiKTeX\tex/latex/kvoptions\kvoptions.sty
Package: kvoptions 2019/11/29 v3.13 Key value format for package options (HO)
)
\@linkdim=\dimen146
\Hy@linkcounter=\count184
\Hy@pagecounter=\count185
 (C:\Users\jmabu\AppData\Local\Programs\MiKTeX\tex/latex/hyperref\pd1enc.def
File: pd1enc.def 2020-05-15 v7.00e Hyperref: PDFDocEncoding definition (HO)
Now handling font encoding PD1 ...
... no UTF-8 mapping file for font encoding PD1
)
(C:\Users\jmabu\AppData\Local\Programs\MiKTeX\tex/generic/intcalc\intcalc.sty
Package: intcalc 2019/12/15 v1.3 Expandable calculations with integers (HO)
)
(C:\Users\jmabu\AppData\Local\Programs\MiKTeX\tex/generic/etexcmds\etexcmds.sty
Package: etexcmds 2019/12/15 v1.7 Avoid name clashes with e-TeX commands (HO)
)
\Hy@SavedSpaceFactor=\count186
Package hyperref Info: Hyper figures OFF on input line 4464.
Package hyperref Info: Link nesting OFF on input line 4469.
Package hyperref Info: Hyper index ON on input line 4472.
Package hyperref Info: Plain pages OFF on input line 4479.
Package hyperref Info: Backreferencing OFF on input line 4484.
Package hyperref Info: Implicit mode ON; LaTeX internals redefined.
Package hyperref Info: Bookmarks ON on input line 4717.
\c@Hy@tempcnt=\count187
 (C:\Users\jmabu\AppData\Local\Programs\MiKTeX\tex/latex/url\url.sty
\Urlmuskip=\muskip16
Package: url 2013/09/16  ver 3.4  Verb mode for urls, etc.
)
LaTeX Info: Redefining \url on input line 5076.
\XeTeXLinkMargin=\dimen147

(C:\Users\jmabu\AppData\Local\Programs\MiKTeX\tex/generic/bitset\bitset.sty
Package: bitset 2019/12/09 v1.3 Handle bit-vector datatype (HO)

(C:\Users\jmabu\AppData\Local\Programs\MiKTeX\tex/generic/bigintcalc\bigintcalc
.sty
Package: bigintcalc 2019/12/15 v1.5 Expandable calculations on big integers (HO
)
))
\Fld@menulength=\count188
\Field@Width=\dimen148
\Fld@charsize=\dimen149
Package hyperref Info: Hyper figures OFF on input line 6347.
Package hyperref Info: Link nesting OFF on input line 6352.
Package hyperref Info: Hyper index ON on input line 6355.
Package hyperref Info: backreferencing OFF on input line 6362.
Package hyperref Info: Link coloring OFF on input line 6367.
Package hyperref Info: Link coloring with OCG OFF on input line 6372.
Package hyperref Info: PDF/A mode OFF on input line 6377.
LaTeX Info: Redefining \ref on input line 6417.
LaTeX Info: Redefining \pageref on input line 6421.

(C:\Users\jmabu\AppData\Local\Programs\MiKTeX\tex/generic/atbegshi\atbegshi.sty
Package: atbegshi 2019/12/05 v1.19 At begin shipout hook (HO)
)
\Hy@abspage=\count189
\c@Item=\count190
\c@Hfootnote=\count191
)
Package hyperref Info: Driver (autodetected): hpdftex.
 (C:\Users\jmabu\AppData\Local\Programs\MiKTeX\tex/latex/hyperref\hpdftex.def
File: hpdftex.def 2020-05-15 v7.00e Hyperref driver for pdfTeX

(C:\Users\jmabu\AppData\Local\Programs\MiKTeX\tex/latex/atveryend\atveryend.sty
Package: atveryend 2019-12-11 v1.11 Hooks at the very end of document (HO)
Package atveryend Info: \enddocument detected (standard20110627).
)
\Fld@listcount=\count192
\c@bookmark@seq@number=\count193

(C:\Users\jmabu\AppData\Local\Programs\MiKTeX\tex/latex/rerunfilecheck\rerunfil
echeck.sty
Package: rerunfilecheck 2019/12/05 v1.9 Rerun checks for auxiliary files (HO)

(C:\Users\jmabu\AppData\Local\Programs\MiKTeX\tex/generic/uniquecounter\uniquec
ounter.sty
Package: uniquecounter 2019/12/15 v1.4 Provide unlimited unique counter (HO)
)
Package uniquecounter Info: New unique counter `rerunfilecheck' on input line 2
86.
)
\Hy@SectionHShift=\skip65
)
Package hyperref Info: Option `colorlinks' set `true' on input line 130.
Package hyperref Info: Option `breaklinks' set `true' on input line 130.

(C:\Users\jmabu\AppData\Local\Programs\MiKTeX\tex/latex/l3backend\l3backend-pdf
tex.def
File: l3backend-pdftex.def 2020-09-01 L3 backend support: PDF output (pdfTeX)
\l__kernel_color_stack_int=\count194
\l__pdf_internal_box=\box46
) (CV_English_JMAF_Short.aux)
\openout1 = `CV_English_JMAF_Short.aux'.

LaTeX Font Info:    Checking defaults for OML/cmm/m/it on input line 231.
LaTeX Font Info:    ... okay on input line 231.
LaTeX Font Info:    Checking defaults for OMS/cmsy/m/n on input line 231.
LaTeX Font Info:    ... okay on input line 231.
LaTeX Font Info:    Checking defaults for OT1/cmr/m/n on input line 231.
LaTeX Font Info:    ... okay on input line 231.
LaTeX Font Info:    Checking defaults for T1/cmr/m/n on input line 231.
LaTeX Font Info:    ... okay on input line 231.
LaTeX Font Info:    Checking defaults for TS1/cmr/m/n on input line 231.
LaTeX Font Info:    ... okay on input line 231.
LaTeX Font Info:    Checking defaults for OMX/cmex/m/n on input line 231.
LaTeX Font Info:    ... okay on input line 231.
LaTeX Font Info:    Checking defaults for U/cmr/m/n on input line 231.
LaTeX Font Info:    ... okay on input line 231.
LaTeX Font Info:    Checking defaults for PD1/pdf/m/n on input line 231.
LaTeX Font Info:    ... okay on input line 231.

*geometry* driver: auto-detecting
*geometry* detected driver: pdftex
*geometry* verbose mode - [ preamble ] result:
* driver: pdftex
* paper: letterpaper
* layout: <same size as paper>
* layoutoffset:(h,v)=(0.0pt,0.0pt)
* modes: includemp 
* h-part:(L,W,R)=(72.26999pt, 469.75502pt, 72.26999pt)
* v-part:(T,H,B)=(72.26999pt, 650.43001pt, 72.26999pt)
* \paperwidth=614.295pt
* \paperheight=794.96999pt
* \textwidth=379.41754pt
* \textheight=650.43001pt
* \oddsidemargin=90.33748pt
* \evensidemargin=90.33748pt
* \topmargin=-37.0pt
* \headheight=12.0pt
* \headsep=25.0pt
* \topskip=12.0pt
* \footskip=30.0pt
* \marginparwidth=86.72377pt
* \marginparsep=3.61371pt
* \columnsep=10.0pt
* \skip\footins=10.8pt plus 4.0pt minus 2.0pt
* \hoffset=0.0pt
* \voffset=0.0pt
* \mag=1000
* \@twocolumnfalse
* \@twosidefalse
* \@mparswitchfalse
* \@reversemargintrue
* (1in=72.27pt=25.4mm, 1cm=28.453pt)

Package lastpage Info: Please have a look at the pageslts package at
(lastpage)             https://www.ctan.org/pkg/pageslts
(lastpage)             ! on input line 231.

(C:\Users\jmabu\AppData\Local\Programs\MiKTeX\tex/context/base/mkii\supp-pdf.mk
ii
[Loading MPS to PDF converter (version 2006.09.02).]
\scratchcounter=\count195
\scratchdimen=\dimen150
\scratchbox=\box47
\nofMPsegments=\count196
\nofMParguments=\count197
\everyMPshowfont=\toks20
\MPscratchCnt=\count198
\MPscratchDim=\dimen151
\MPnumerator=\count199
\makeMPintoPDFobject=\count266
\everyMPtoPDFconversion=\toks21
)
\AtBeginShipoutBox=\box48
Package hyperref Info: Link coloring ON on input line 231.
 (C:\Users\jmabu\AppData\Local\Programs\MiKTeX\tex/latex/hyperref\nameref.sty
Package: nameref 2019/09/16 v2.46 Cross-referencing by name of section

(C:\Users\jmabu\AppData\Local\Programs\MiKTeX\tex/latex/refcount\refcount.sty
Package: refcount 2019/12/15 v3.6 Data extraction from label references (HO)
)
(C:\Users\jmabu\AppData\Local\Programs\MiKTeX\tex/generic/gettitlestring\gettit
lestring.sty
Package: gettitlestring 2019/12/15 v1.6 Cleanup title references (HO)
)
\c@section@level=\count267
)
LaTeX Info: Redefining \ref on input line 231.
LaTeX Info: Redefining \pageref on input line 231.
LaTeX Info: Redefining \nameref on input line 231.
 (CV_English_JMAF_Short.out) (CV_English_JMAF_Short.out)
\@outlinefile=\write4
\openout4 = `CV_English_JMAF_Short.out'.

\rcollength=\skip66
LaTeX Font Info:    External font `cmex10' loaded for size
(Font)              <12> on input line 244.
LaTeX Font Info:    External font `cmex10' loaded for size
(Font)              <8> on input line 244.
LaTeX Font Info:    External font `cmex10' loaded for size
(Font)              <6> on input line 244.

Overfull \hbox (2.07574pt too wide) in paragraph at lines 276--283
\OT1/cmr/m/n/12 University of South-ern Den-mark and Max Planck In-sti-tute for
 De-mo-graphic
 []


Underfull \hbox (badness 10000) in paragraph at lines 303--304

 []


Underfull \hbox (badness 10000) in paragraph at lines 305--306

 []


Overfull \hbox (12.66562pt too wide) in paragraph at lines 307--308
[]\OT1/cmr/m/n/12 01/06/2020-Present. \OT1/cmr/bx/n/12 Non-stipendiary Re-searc
h Fel-low\OT1/cmr/m/n/12 . Nuffield Col-lege,
 []


Underfull \hbox (badness 10000) in paragraph at lines 307--308

 []


Overfull \hbox (29.56862pt too wide) in paragraph at lines 309--310
[]\OT1/cmr/m/n/12 01/09/2015-Present. \OT1/cmr/bx/n/12 Guest re-searcher\OT1/cm
r/m/n/12 . Max Planck In-sti-tute for De-mo-graphic
 []


Underfull \hbox (badness 10000) in paragraph at lines 309--310

 []


Overfull \hbox (3.74818pt too wide) in paragraph at lines 311--312
[]\OT1/cmr/m/n/12 01/07/2017-Present. \OT1/cmr/bx/n/12 Con-sul-tant (reg-u-lar 
ba-sis)\OT1/cmr/m/n/12 . World Bank. Projects:
 []


Underfull \hbox (badness 10000) in paragraph at lines 311--312

 []


Overfull \hbox (30.58485pt too wide) in paragraph at lines 313--314
[]\OT1/cmr/m/n/12 13/02/2020-13/05/2020. \OT1/cmr/bx/n/12 Post-doctoral re-sear
ch as-so-ciate \OT1/cmr/m/n/12 . In-ter-dis-ci-plinary
 []


Underfull \hbox (badness 10000) in paragraph at lines 313--314

 []

[1

{C:/Users/jmabu/AppData/Local/MiKTeX/pdftex/config/pdftex.map}]
Overfull \hbox (6.40512pt too wide) in paragraph at lines 315--316
[]\OT1/cmr/m/n/12 01/08/2016-30/11/2016. \OT1/cmr/bx/n/12 Re-search As-sis-tant
\OT1/cmr/m/n/12 . Max-Planck Odense Cen-ter
 []


Underfull \hbox (badness 10000) in paragraph at lines 315--316

 []


Underfull \hbox (badness 10000) in paragraph at lines 317--318

 []


Underfull \hbox (badness 10000) in paragraph at lines 319--320

 []


Overfull \hbox (9.26425pt too wide) in paragraph at lines 324--325
[]\OT1/cmr/bx/n/12 Marie Sk lodowska-Curie In-di-vid-ual Fel-low-ship\OT1/cmr/m
/n/12 . From EU Com-mis-sion
 []


Underfull \hbox (badness 10000) in paragraph at lines 324--325

 []


Underfull \hbox (badness 10000) in paragraph at lines 326--327

 []


Underfull \hbox (badness 10000) in paragraph at lines 329--330

 []


Underfull \hbox (badness 10000) in paragraph at lines 331--332

 []


Overfull \hbox (1.14087pt too wide) in paragraph at lines 333--335
[]\OT1/cmr/bx/n/12 Funding for re-search stay at Uni-ver-si-dad Autonoma de Ba
rcelona.
 []


Underfull \hbox (badness 10000) in paragraph at lines 333--335

 []


Underfull \hbox (badness 10000) in paragraph at lines 336--338

 []


Overfull \hbox (4.21187pt too wide) in paragraph at lines 339--340
[]\OT1/cmr/bx/n/12 Title: Health Sta-tus of the Pop-u-la-tion of Saudi Ara-bia.
 \OT1/cmr/m/n/12 De-scrip-tion:
 []


Underfull \hbox (badness 10000) in paragraph at lines 339--340

 []


Underfull \hbox (badness 10000) in paragraph at lines 342--343

 []


Overfull \hbox (18.84363pt too wide) in paragraph at lines 344--346
[]\OT1/cmr/bx/n/12 Health Sci-ences Fac-ulty fel-low-ship, Uni-ver-sity of Sout
h-ern Den-mark.
 []


Underfull \hbox (badness 10000) in paragraph at lines 344--346

 []

[2]
Overfull \hbox (3.66425pt too wide) in paragraph at lines 348--349
[]\OT1/cmr/bx/n/12 National Coun-cil of Sci-ence and Tech-nol-ogy (CONA-CYT) fu
nd-ing
 []


Underfull \hbox (badness 10000) in paragraph at lines 348--349

 []


Overfull \hbox (9.82396pt too wide) in paragraph at lines 351--352
[]\OT1/cmr/bx/n/12 National Coun-cil of Sci-ence and Tech-nol-ogy (CONA-CYT) St
udent-
 []


Underfull \hbox (badness 10000) in paragraph at lines 351--352

 []


Underfull \hbox (badness 10000) in paragraph at lines 354--355

 []


Underfull \hbox (badness 10000) in paragraph at lines 358--360

 []


Overfull \hbox (8.76408pt too wide) in paragraph at lines 361--363
\OT1/cmr/m/n/12 Major re-search fel-low-ships cre-ated by the Eu-ro-pean Union.
 These fel-low-ships
 []


Overfull \hbox (11.10063pt too wide) in paragraph at lines 361--363
\OT1/cmr/m/n/12 are among Eu-rope's most com-pet-i-tive and pres-ti-gious re-se
arch and in-no-va-tion
 []


Underfull \hbox (badness 10000) in paragraph at lines 361--363

 []


Underfull \hbox (badness 10000) in paragraph at lines 364--365

 []


Underfull \hbox (badness 10000) in paragraph at lines 366--367

 []


Underfull \hbox (badness 10000) in paragraph at lines 368--371

 []


Underfull \hbox (badness 10000) in paragraph at lines 372--375

 []


Underfull \hbox (badness 10000) in paragraph at lines 376--377

 []

[3]
Underfull \hbox (badness 10000) in paragraph at lines 382--384

 []


Overfull \hbox (2.73683pt too wide) in paragraph at lines 385--386
\OT1/cmr/m/n/12 and other de-mo-graphic fac-tors can con-tribute to un-der-stan
d-ing the COVID-
 []


Underfull \hbox (badness 10000) in paragraph at lines 385--386

 []


Overfull \hbox (41.79517pt too wide) in paragraph at lines 387--388
[]\OT1/cmr/m/n/12 19. Bergeron-Boucher, MP., \OT1/cmr/bx/n/12 Aburto, J.M.\OT1/
cmr/m/n/12 ., van Raalte, A. (2020) ``Di-ver-si-fi-ca-tion
 []


Underfull \hbox (badness 10000) in paragraph at lines 387--388

 []


Overfull \hbox (8.10419pt too wide) in paragraph at lines 389--390
\OT1/cmr/m/n/12 J.W. (2020) ``Dy-nam-ics of life ex-pectancy and lifes-pan equa
l-ity''. \OT1/cmr/m/it/12 Pro-ceed-ings
 []


Underfull \hbox (badness 10000) in paragraph at lines 389--390

 []


Underfull \hbox (badness 10000) in paragraph at lines 391--392

 []


Overfull \hbox (0.96771pt too wide) in paragraph at lines 393--395
[]\OT1/cmr/m/n/12 16. Riffe, T., \OT1/cmr/bx/n/12 Aburto, J.M.\OT1/cmr/m/n/12 .
 (2020) ``Lexis fields''. \OT1/cmr/m/it/12 De-mo-graphic Re-search\OT1/cmr/m/n/
12 . 
 []


Underfull \hbox (badness 10000) in paragraph at lines 393--395

 []


Overfull \hbox (5.9423pt too wide) in paragraph at lines 396--397
\OT1/cmr/m/n/12 vi-o-lence on Venezue-lan life ex-pectancy and lifes-pan in-equ
al-ity'' \OT1/cmr/m/it/12 In-ter-na-tional
 []


Underfull \hbox (badness 10000) in paragraph at lines 396--397

 []


Underfull \hbox (badness 10000) in paragraph at lines 398--399

 []


Underfull \hbox (badness 10000) in paragraph at lines 400--401

 []


Underfull \hbox (badness 10000) in paragraph at lines 402--403

 []

[4]
Overfull \hbox (2.02888pt too wide) in paragraph at lines 404--406
\OT1/cmr/m/n/12 multiples for re-gions in a spa-tially mean-ing-ful way''. \OT1
/cmr/m/it/12 De-mo-graphic Re-search\OT1/cmr/m/n/12 .
 []


Underfull \hbox (badness 10000) in paragraph at lines 404--406

 []


Underfull \hbox (badness 10000) in paragraph at lines 407--408

 []


Overfull \hbox (5.31273pt too wide) in paragraph at lines 409--410
\OT1/cmr/m/n/12 (2018). ``Po-ten-tial gains in life ex-pectancy by re-duc-ing i
n-equal-ity of lifes-pans
 []


Underfull \hbox (badness 10000) in paragraph at lines 409--410

 []


Overfull \hbox (3.84692pt too wide) in paragraph at lines 411--412
[]\OT1/cmr/m/n/12 8. \OT1/cmr/bx/n/12 Aburto, J.M.\OT1/cmr/m/n/12 , Riffe, T., 
Canudas-Romo, V. (2018) ``Trends in avoid-able
 []


Overfull \hbox (1.14278pt too wide) in paragraph at lines 411--412
\OT1/cmr/m/n/12 de-mo-graphic anal-y-sis''. \OT1/cmr/m/it/12 BMJ Open \OT1/cmr/
m/n/12 2018;8:e022350. doi: 10.1136/bmjopen-
 []


Underfull \hbox (badness 10000) in paragraph at lines 411--412

 []


Underfull \hbox (badness 10000) in paragraph at lines 413--414

 []


Underfull \hbox (badness 10000) in paragraph at lines 415--416

 []


Overfull \hbox (0.43506pt too wide) in paragraph at lines 417--418
\OT1/cmr/m/n/12 For Men And Slowed Them For Women, 2000-10''. \OT1/cmr/m/it/12 
Health Af-fairs\OT1/cmr/m/n/12 , 35(1),88-
 []


Underfull \hbox (badness 10000) in paragraph at lines 417--418

 []


Underfull \hbox (badness 10000) in paragraph at lines 419--420

 []


Underfull \hbox (badness 10000) in paragraph at lines 423--425

 []

[5]
Underfull \hbox (badness 10000) in paragraph at lines 426--427

 []


Underfull \hbox (badness 10000) in paragraph at lines 428--430

 []


Underfull \hbox (badness 10000) in paragraph at lines 433--434

 []


Underfull \hbox (badness 10000) in paragraph at lines 435--436

 []


Underfull \hbox (badness 10000) in paragraph at lines 437--438

 []


Underfull \hbox (badness 10000) in paragraph at lines 439--440

 []


Underfull \hbox (badness 10000) in paragraph at lines 441--442

 []


Underfull \hbox (badness 10000) in paragraph at lines 443--444

 []


Underfull \hbox (badness 10000) in paragraph at lines 445--446

 []


Overfull \hbox (9.7211pt too wide) in paragraph at lines 447--448
\OT1/cmr/m/n/12 de-creased life ex-pectancy. The Con-ver-sa-tion UK. [][]\OT1/c
mtt/m/n/12 https://bit.ly/2GwZjvS[][]\OT1/cmr/m/n/12 . 
 []


Underfull \hbox (badness 10000) in paragraph at lines 447--448

 []

[6]
Underfull \hbox (badness 10000) in paragraph at lines 451--453

 []


Underfull \hbox (badness 10000) in paragraph at lines 454--455

 []


Underfull \hbox (badness 10000) in paragraph at lines 456--457

 []


Overfull \hbox (0.5215pt too wide) in paragraph at lines 458--460
[][]\OT1/cmtt/m/n/12 https://www.medrxiv.org/content/10.1101/2020.07.16.2015507
7v1[][]\OT1/cmr/m/n/12 .
 []


Underfull \hbox (badness 10000) in paragraph at lines 458--460

 []


Underfull \hbox (badness 10000) in paragraph at lines 461--462

 []


Underfull \hbox (badness 10000) in paragraph at lines 463--464

 []


Underfull \hbox (badness 10000) in paragraph at lines 465--466

 []


Overfull \hbox (8.34235pt too wide) in paragraph at lines 467--468
\OT1/cmr/m/n/12 ``Be-yond Dif-fer-ences in Means: Ris-ing Mor-tal-ity Strat-i-f
i-ca-tion among In-come
 []


Underfull \hbox (badness 10000) in paragraph at lines 467--468

 []


Underfull \hbox (badness 10000) in paragraph at lines 469--470

 []

[7]
Underfull \hbox (badness 10000) in paragraph at lines 471--472

 []


Overfull \hbox (19.03696pt too wide) in paragraph at lines 476--477
\OT1/cmr/m/n/12 Mar-ius Pas-cariu. (2018-Ongoing) \OT1/cmr/bx/n/12 R pack-age D
e-mo-Tools\OT1/cmr/m/n/12 . Project de-vel-oped
 []


Underfull \hbox (badness 10000) in paragraph at lines 476--477

 []


Overfull \hbox (5.74454pt too wide) in paragraph at lines 478--480
[][]\OT1/cmtt/m/n/10.95 https://population-health.shinyapps.io/saudi-arabia-hea
lth-profile/[][] 
 []


Underfull \hbox (badness 10000) in paragraph at lines 478--480

 []


Underfull \hbox (badness 10000) in paragraph at lines 481--482

 []


Underfull \hbox (badness 10000) in paragraph at lines 485--486

 []


Underfull \hbox (badness 10000) in paragraph at lines 487--489

 []


Underfull \hbox (badness 10000) in paragraph at lines 490--491

 []


Underfull \hbox (badness 10000) in paragraph at lines 492--493

 []


Underfull \hbox (badness 10000) in paragraph at lines 494--495

 []


Underfull \hbox (badness 10000) in paragraph at lines 496--497

 []


Underfull \hbox (badness 10000) in paragraph at lines 498--499

 []


Underfull \hbox (badness 10000) in paragraph at lines 504--505

 []


Underfull \hbox (badness 10000) in paragraph at lines 506--507

 []

[8]
Underfull \hbox (badness 10000) in paragraph at lines 508--509

 []


Underfull \hbox (badness 10000) in paragraph at lines 510--511

 []


Underfull \hbox (badness 10000) in paragraph at lines 515--516

 []


Underfull \hbox (badness 10000) in paragraph at lines 518--519

 []


Underfull \hbox (badness 10000) in paragraph at lines 520--521

 []


Underfull \hbox (badness 10000) in paragraph at lines 522--523

 []


Underfull \hbox (badness 10000) in paragraph at lines 524--525

 []


Underfull \hbox (badness 10000) in paragraph at lines 526--527

 []

LaTeX Font Info:    External font `cmex10' loaded for size
(Font)              <10.95> on input line 529.

Underfull \hbox (badness 10000) in paragraph at lines 529--530

 []


Overfull \hbox (25.417pt too wide) in paragraph at lines 531--532
[]\OT1/cmr/m/it/10.95 Forthcoming\OT1/cmr/m/n/10.95 . \OT1/cmr/bx/n/10.95 Ple-n
ary ses-sion for the Latin Amer-i-can Pop-u-la-tion As-so-ci-a-tion
 []


Underfull \hbox (badness 10000) in paragraph at lines 531--532

 []


Overfull \hbox (4.83124pt too wide) in paragraph at lines 533--534
[]\OT1/cmr/m/it/10.95 Forthcoming\OT1/cmr/m/n/10.95 . \OT1/cmr/bx/n/10.95 Brown
-bag De-mog-ra-phy Sem-i-nar\OT1/cmr/m/n/10.95 . De-part-ment of De-mog-ra-phy,

 []


Underfull \hbox (badness 10000) in paragraph at lines 533--534

 []


Underfull \hbox (badness 10000) in paragraph at lines 535--536

 []

[9]
Underfull \hbox (badness 10000) in paragraph at lines 537--538

 []


Underfull \hbox (badness 10000) in paragraph at lines 539--540

 []


Underfull \hbox (badness 10000) in paragraph at lines 541--542

 []


Underfull \hbox (badness 10000) in paragraph at lines 543--544

 []


Underfull \hbox (badness 10000) in paragraph at lines 545--546

 []


Underfull \hbox (badness 10000) in paragraph at lines 547--548

 []


Underfull \hbox (badness 10000) in paragraph at lines 549--550

 []


Underfull \hbox (badness 10000) in paragraph at lines 551--552

 []


Underfull \hbox (badness 10000) in paragraph at lines 553--554

 []


Underfull \hbox (badness 10000) in paragraph at lines 556--557

 []


Overfull \hbox (5.29295pt too wide) in paragraph at lines 558--559
[]\OT1/cmr/m/n/10.95 Journals: BMJ, The Lancet Pub-lic Health, In-ter-na-tional
 Jour-nal of Epi-demi-ol-ogy,
 []


Package hyperref Warning: Token not allowed in a PDF string (PDFDocEncoding):
(hyperref)                removing `\\' on input line 563.


Overfull \hbox (7.47867pt too wide) in paragraph at lines 565--566
[]\OT1/cmr/m/n/10.95 01/10/2019-30/11/2019. \OT1/cmr/bx/n/10.95 Vis-it-ing Scho
lar\OT1/cmr/m/n/10.95 . De-mo-graphic Cen-ter Stud-ies (CED),
 []


Underfull \hbox (badness 10000) in paragraph at lines 565--566

 []


Overfull \hbox (1.57785pt too wide) in paragraph at lines 567--569
[]\OT1/cmr/m/n/10.95 01/12/2018-04/01/2019. \OT1/cmr/bx/n/10.95 Vis-it-ing Scho
lar\OT1/cmr/m/n/10.95 . In-sti-tut na-tional d'etudes demogra-
 []


Underfull \hbox (badness 10000) in paragraph at lines 567--569

 []

[10]
Underfull \hbox (badness 10000) in paragraph at lines 570--571

 []


Underfull \hbox (badness 10000) in paragraph at lines 572--573

 []


Underfull \hbox (badness 10000) in paragraph at lines 574--575

 []


Package hyperref Warning: Token not allowed in a PDF string (PDFDocEncoding):
(hyperref)                removing `\\' on input line 582.


Package hyperref Warning: Token not allowed in a PDF string (PDFDocEncoding):
(hyperref)                removing `\\' on input line 582.


Underfull \hbox (badness 10000) in paragraph at lines 583--587

 []


Overfull \hbox (5.99408pt too wide) in paragraph at lines 588--590
[]\OT1/cmr/bx/n/10.95 Besides pop-u-la-tion age struc-ture, health and other de
-mo-graphic fac-tors
 []


Underfull \hbox (badness 10000) in paragraph at lines 588--590

 []


Overfull \hbox (6.67844pt too wide) in paragraph at lines 592--595
[]\OT1/cmr/bx/n/10.95 Latin Amer-i-can and Caribbean gov-ern-ments must in-crea
se the COVID-
 []


Overfull \hbox (9.04825pt too wide) in paragraph at lines 592--595
\OT1/cmr/m/n/10.95 Daily Mail (UK), Ya-hoo news (USA), El Es-pec-ta-dor (Colom-
bia), RND (Ger-many),
 []


Underfull \hbox (badness 10000) in paragraph at lines 592--595

 []


Underfull \hbox (badness 10000) in paragraph at lines 598--601

 []


Underfull \hbox (badness 10000) in paragraph at lines 603--608

 []


Underfull \hbox (badness 10000) in paragraph at lines 610--612

 []


Underfull \hbox (badness 10000) in paragraph at lines 615--620

 []

[11]
Underfull \hbox (badness 10000) in paragraph at lines 637--638

 []


Underfull \hbox (badness 10000) in paragraph at lines 639--640

 []


Overfull \hbox (10.23991pt too wide) in paragraph at lines 641--642
[]\OT1/cmr/bx/n/10.95 The im-pact of vi-o-lence on lifes-pan in-equal-ity in Me
x-ico\OT1/cmr/m/n/10.95 . Oral Pre-sen-ta-tion.
 []


Underfull \hbox (badness 10000) in paragraph at lines 641--642

 []


Underfull \hbox (badness 10000) in paragraph at lines 643--644

 []


Underfull \hbox (badness 10000) in paragraph at lines 645--646

 []


Underfull \hbox (badness 10000) in paragraph at lines 650--651

 []

[12]
Overfull \hbox (2.61627pt too wide) in paragraph at lines 652--653
\OT1/cmr/m/n/10.95 ex-pectancy and lifes-pan dis-per-sion: long-term pat-terns 
and emerg-ing crossovers''. 
 []


Underfull \hbox (badness 10000) in paragraph at lines 652--653

 []


Underfull \hbox (badness 10000) in paragraph at lines 654--655

 []


Underfull \hbox (badness 10000) in paragraph at lines 656--657

 []


Underfull \hbox (badness 10000) in paragraph at lines 659--660

 []


Underfull \hbox (badness 10000) in paragraph at lines 661--662

 []


AED: lastpage setting LastPage
[13]
Package atveryend Info: Empty hook `BeforeClearDocument' on input line 749.
Package atveryend Info: Empty hook `AfterLastShipout' on input line 749.
 (CV_English_JMAF_Short.aux)
Package atveryend Info: Executing hook `AtVeryEndDocument' on input line 749.
Package atveryend Info: Executing hook `AtEndAfterFileList' on input line 749.
Package rerunfilecheck Info: File `CV_English_JMAF_Short.out' has not changed.
(rerunfilecheck)             Checksum: 4E374A2C44E65C5670A495D41FF2A58A;945.
Package atveryend Info: Empty hook `AtVeryVeryEnd' on input line 749.
 ) 
Here is how much of TeX's memory you used:
 6118 strings out of 481199
 96416 string characters out of 2905595
 371374 words of memory out of 3000000
 21594 multiletter control sequences out of 15000+200000
 542647 words of font info for 54 fonts, out of 3000000 for 9000
 1141 hyphenation exceptions out of 8191
 43i,14n,45p,692b,312s stack positions out of 5000i,500n,10000p,200000b,50000s
 <C:\Users\jmabu\AppData\Local\MiKTeX\fonts/pk/ljfour/jknappen/ec/dpi600\tcrm
1200.pk><C:/Users/jmabu/AppData/Local/Programs/MiKTeX/fonts/type1/public/amsfon
ts/cm/cmbx10.pfb><C:/Users/jmabu/AppData/Local/Programs/MiKTeX/fonts/type1/publ
ic/amsfonts/cm/cmbx12.pfb><C:/Users/jmabu/AppData/Local/Programs/MiKTeX/fonts/t
ype1/public/amsfonts/cm/cmbxti10.pfb><C:/Users/jmabu/AppData/Local/Programs/MiK
TeX/fonts/type1/public/amsfonts/cm/cmcsc10.pfb><C:/Users/jmabu/AppData/Local/Pr
ograms/MiKTeX/fonts/type1/public/amsfonts/cm/cmr10.pfb><C:/Users/jmabu/AppData/
Local/Programs/MiKTeX/fonts/type1/public/amsfonts/cm/cmr12.pfb><C:/Users/jmabu/
AppData/Local/Programs/MiKTeX/fonts/type1/public/amsfonts/cm/cmsy8.pfb><C:/User
s/jmabu/AppData/Local/Programs/MiKTeX/fonts/type1/public/amsfonts/cm/cmti10.pfb
><C:/Users/jmabu/AppData/Local/Programs/MiKTeX/fonts/type1/public/amsfonts/cm/c
mti12.pfb><C:/Users/jmabu/AppData/Local/Programs/MiKTeX/fonts/type1/public/amsf
onts/cm/cmtt10.pfb><C:/Users/jmabu/AppData/Local/Programs/MiKTeX/fonts/type1/pu
blic/amsfonts/cm/cmtt12.pfb>
Output written on CV_English_JMAF_Short.pdf (13 pages, 250538 bytes).
PDF statistics:
 251 PDF objects out of 1000 (max. 8388607)
 36 named destinations out of 1000 (max. 500000)
 129 words of extra memory for PDF output out of 10000 (max. 10000000)

