This is pdfTeX, Version 3.14159265-2.6-1.40.21 (MiKTeX 20.7) (preloaded format=pdflatex 2020.9.21)  22 JAN 2021 13:36
entering extended mode
**./CV_English_Aburto.tex
(CV_English_Aburto.tex
LaTeX2e <2020-02-02> patch level 5
L3 programming layer <2020-09-03>
(C:\Users\jmabu\AppData\Local\Programs\MiKTeX\tex/latex/base\article.cls
Document Class: article 2019/12/20 v1.4l Standard LaTeX document class
(C:\Users\jmabu\AppData\Local\Programs\MiKTeX\tex/latex/base\size12.clo
File: size12.clo 2019/12/20 v1.4l Standard LaTeX file (size option)
)
\c@part=\count168
\c@section=\count169
\c@subsection=\count170
\c@subsubsection=\count171
\c@paragraph=\count172
\c@subparagraph=\count173
\c@figure=\count174
\c@table=\count175
\abovecaptionskip=\skip47
\belowcaptionskip=\skip48
\bibindent=\dimen134
)
(C:\Users\jmabu\AppData\Local\Programs\MiKTeX\tex/latex/tools\calc.sty
Package: calc 2017/05/25 v4.3 Infix arithmetic (KKT,FJ)
\calc@Acount=\count176
\calc@Bcount=\count177
\calc@Adimen=\dimen135
\calc@Bdimen=\dimen136
\calc@Askip=\skip49
\calc@Bskip=\skip50
LaTeX Info: Redefining \setlength on input line 80.
LaTeX Info: Redefining \addtolength on input line 81.
\calc@Ccount=\count178
\calc@Cskip=\skip51
)
(C:\Users\jmabu\AppData\Local\Programs\MiKTeX\tex/latex/comment\comment.sty
\CommentStream=\write3

Excluding comment 'comment')
(C:\Users\jmabu\AppData\Local\Programs\MiKTeX\tex/latex/base\inputenc.sty
Package: inputenc 2018/08/11 v1.3c Input encoding file
\inpenc@prehook=\toks15
\inpenc@posthook=\toks16
)
\bibhang=\skip52
\bibsep=\skip53

(C:\Users\jmabu\AppData\Local\Programs\MiKTeX\tex/latex/geometry\geometry.sty
Package: geometry 2020/01/02 v5.9 Page Geometry

(C:\Users\jmabu\AppData\Local\Programs\MiKTeX\tex/latex/graphics\keyval.sty
Package: keyval 2014/10/28 v1.15 key=value parser (DPC)
\KV@toks@=\toks17
)
(C:\Users\jmabu\AppData\Local\Programs\MiKTeX\tex/generic/iftex\ifvtex.sty
Package: ifvtex 2019/10/25 v1.7 ifvtex legacy package. Use iftex instead.

(C:\Users\jmabu\AppData\Local\Programs\MiKTeX\tex/generic/iftex\iftex.sty
Package: iftex 2020/03/06 v1.0d TeX engine tests
))
\Gm@cnth=\count179
\Gm@cntv=\count180
\c@Gm@tempcnt=\count181
\Gm@bindingoffset=\dimen137
\Gm@wd@mp=\dimen138
\Gm@odd@mp=\dimen139
\Gm@even@mp=\dimen140
\Gm@layoutwidth=\dimen141
\Gm@layoutheight=\dimen142
\Gm@layouthoffset=\dimen143
\Gm@layoutvoffset=\dimen144
\Gm@dimlist=\toks18

(C:\Users\jmabu\AppData\Local\Programs\MiKTeX\tex/latex/geometry\geometry.cfg))
(C:\Users\jmabu\AppData\Local\Programs\MiKTeX\tex/latex/enumitem\enumitem.sty
Package: enumitem 2019/06/20 v3.9 Customized lists
\labelindent=\skip54
\enit@outerparindent=\dimen145
\enit@toks=\toks19
\enit@inbox=\box45
\enit@count@id=\count182
\enitdp@description=\count183
)
(C:\Users\jmabu\AppData\Local\Programs\MiKTeX\tex/latex/fancyhdr\fancyhdr.sty
Package: fancyhdr 2019/01/31 v3.10 Extensive control of page headers and footer
s
\f@nch@headwidth=\skip55
\f@nch@O@elh=\skip56
\f@nch@O@erh=\skip57
\f@nch@O@olh=\skip58
\f@nch@O@orh=\skip59
\f@nch@O@elf=\skip60
\f@nch@O@erf=\skip61
\f@nch@O@olf=\skip62
\f@nch@O@orf=\skip63
)
(C:\Users\jmabu\AppData\Local\Programs\MiKTeX\tex/latex/lastpage\lastpage.sty
Package: lastpage 2015/03/29 v1.2m Refers to last page's name (HMM; JPG)
)
\footpageshift=\skip64

(C:\Users\jmabu\AppData\Local\Programs\MiKTeX\tex/latex/graphics\color.sty
Package: color 2019/11/23 v1.2a Standard LaTeX Color (DPC)

(C:\Users\jmabu\AppData\Local\Programs\MiKTeX\tex/latex/graphics-cfg\color.cfg
File: color.cfg 2016/01/02 v1.6 sample color configuration
)
Package color Info: Driver file: pdftex.def on input line 147.

(C:\Users\jmabu\AppData\Local\Programs\MiKTeX\tex/latex/graphics-def\pdftex.def
File: pdftex.def 2020/08/26 v1.2 Graphics/color driver for pdftex
))
(C:\Users\jmabu\AppData\Local\Programs\MiKTeX\tex/latex/hyperref\hyperref.sty
Package: hyperref 2020-05-15 v7.00e Hypertext links for LaTeX

(C:\Users\jmabu\AppData\Local\Programs\MiKTeX\tex/generic/ltxcmds\ltxcmds.sty
Package: ltxcmds 2019/12/15 v1.24 LaTeX kernel commands for general use (HO)
)
(C:\Users\jmabu\AppData\Local\Programs\MiKTeX\tex/generic/pdftexcmds\pdftexcmds
.sty
Package: pdftexcmds 2020-06-27 v0.33 Utility functions of pdfTeX for LuaTeX (HO
)

(C:\Users\jmabu\AppData\Local\Programs\MiKTeX\tex/generic/infwarerr\infwarerr.s
ty
Package: infwarerr 2019/12/03 v1.5 Providing info/warning/error messages (HO)
)
Package pdftexcmds Info: \pdf@primitive is available.
Package pdftexcmds Info: \pdf@ifprimitive is available.
Package pdftexcmds Info: \pdfdraftmode found.
)
(C:\Users\jmabu\AppData\Local\Programs\MiKTeX\tex/generic/kvsetkeys\kvsetkeys.s
ty
Package: kvsetkeys 2019/12/15 v1.18 Key value parser (HO)
)
(C:\Users\jmabu\AppData\Local\Programs\MiKTeX\tex/generic/kvdefinekeys\kvdefine
keys.sty
Package: kvdefinekeys 2019-12-19 v1.6 Define keys (HO)
)
(C:\Users\jmabu\AppData\Local\Programs\MiKTeX\tex/generic/pdfescape\pdfescape.s
ty
Package: pdfescape 2019/12/09 v1.15 Implements pdfTeX's escape features (HO)
) (C:\Users\jmabu\AppData\Local\Programs\MiKTeX\tex/latex/hycolor\hycolor.sty
Package: hycolor 2020-01-27 v1.10 Color options for hyperref/bookmark (HO)
)
(C:\Users\jmabu\AppData\Local\Programs\MiKTeX\tex/latex/letltxmacro\letltxmacro
.sty
Package: letltxmacro 2019/12/03 v1.6 Let assignment for LaTeX macros (HO)
)
(C:\Users\jmabu\AppData\Local\Programs\MiKTeX\tex/latex/auxhook\auxhook.sty
Package: auxhook 2019-12-17 v1.6 Hooks for auxiliary files (HO)
)
(C:\Users\jmabu\AppData\Local\Programs\MiKTeX\tex/latex/kvoptions\kvoptions.sty
Package: kvoptions 2019/11/29 v3.13 Key value format for package options (HO)
)
\@linkdim=\dimen146
\Hy@linkcounter=\count184
\Hy@pagecounter=\count185
 (C:\Users\jmabu\AppData\Local\Programs\MiKTeX\tex/latex/hyperref\pd1enc.def
File: pd1enc.def 2020-05-15 v7.00e Hyperref: PDFDocEncoding definition (HO)
Now handling font encoding PD1 ...
... no UTF-8 mapping file for font encoding PD1
)
(C:\Users\jmabu\AppData\Local\Programs\MiKTeX\tex/generic/intcalc\intcalc.sty
Package: intcalc 2019/12/15 v1.3 Expandable calculations with integers (HO)
)
(C:\Users\jmabu\AppData\Local\Programs\MiKTeX\tex/generic/etexcmds\etexcmds.sty
Package: etexcmds 2019/12/15 v1.7 Avoid name clashes with e-TeX commands (HO)
)
\Hy@SavedSpaceFactor=\count186
Package hyperref Info: Hyper figures OFF on input line 4464.
Package hyperref Info: Link nesting OFF on input line 4469.
Package hyperref Info: Hyper index ON on input line 4472.
Package hyperref Info: Plain pages OFF on input line 4479.
Package hyperref Info: Backreferencing OFF on input line 4484.
Package hyperref Info: Implicit mode ON; LaTeX internals redefined.
Package hyperref Info: Bookmarks ON on input line 4717.
\c@Hy@tempcnt=\count187
 (C:\Users\jmabu\AppData\Local\Programs\MiKTeX\tex/latex/url\url.sty
\Urlmuskip=\muskip16
Package: url 2013/09/16  ver 3.4  Verb mode for urls, etc.
)
LaTeX Info: Redefining \url on input line 5076.
\XeTeXLinkMargin=\dimen147

(C:\Users\jmabu\AppData\Local\Programs\MiKTeX\tex/generic/bitset\bitset.sty
Package: bitset 2019/12/09 v1.3 Handle bit-vector datatype (HO)

(C:\Users\jmabu\AppData\Local\Programs\MiKTeX\tex/generic/bigintcalc\bigintcalc
.sty
Package: bigintcalc 2019/12/15 v1.5 Expandable calculations on big integers (HO
)
))
\Fld@menulength=\count188
\Field@Width=\dimen148
\Fld@charsize=\dimen149
Package hyperref Info: Hyper figures OFF on input line 6347.
Package hyperref Info: Link nesting OFF on input line 6352.
Package hyperref Info: Hyper index ON on input line 6355.
Package hyperref Info: backreferencing OFF on input line 6362.
Package hyperref Info: Link coloring OFF on input line 6367.
Package hyperref Info: Link coloring with OCG OFF on input line 6372.
Package hyperref Info: PDF/A mode OFF on input line 6377.
LaTeX Info: Redefining \ref on input line 6417.
LaTeX Info: Redefining \pageref on input line 6421.

(C:\Users\jmabu\AppData\Local\Programs\MiKTeX\tex/generic/atbegshi\atbegshi.sty
Package: atbegshi 2019/12/05 v1.19 At begin shipout hook (HO)
)
\Hy@abspage=\count189
\c@Item=\count190
\c@Hfootnote=\count191
)
Package hyperref Info: Driver (autodetected): hpdftex.
 (C:\Users\jmabu\AppData\Local\Programs\MiKTeX\tex/latex/hyperref\hpdftex.def
File: hpdftex.def 2020-05-15 v7.00e Hyperref driver for pdfTeX

(C:\Users\jmabu\AppData\Local\Programs\MiKTeX\tex/latex/atveryend\atveryend.sty
Package: atveryend 2019-12-11 v1.11 Hooks at the very end of document (HO)
Package atveryend Info: \enddocument detected (standard20110627).
)
\Fld@listcount=\count192
\c@bookmark@seq@number=\count193

(C:\Users\jmabu\AppData\Local\Programs\MiKTeX\tex/latex/rerunfilecheck\rerunfil
echeck.sty
Package: rerunfilecheck 2019/12/05 v1.9 Rerun checks for auxiliary files (HO)

(C:\Users\jmabu\AppData\Local\Programs\MiKTeX\tex/generic/uniquecounter\uniquec
ounter.sty
Package: uniquecounter 2019/12/15 v1.4 Provide unlimited unique counter (HO)
)
Package uniquecounter Info: New unique counter `rerunfilecheck' on input line 2
86.
)
\Hy@SectionHShift=\skip65
)
Package hyperref Info: Option `colorlinks' set `true' on input line 130.
Package hyperref Info: Option `breaklinks' set `true' on input line 130.

(C:\Users\jmabu\AppData\Local\Programs\MiKTeX\tex/latex/l3backend\l3backend-pdf
tex.def
File: l3backend-pdftex.def 2020-09-01 L3 backend support: PDF output (pdfTeX)
\l__kernel_color_stack_int=\count194
\l__pdf_internal_box=\box46
) (CV_English_Aburto.aux)
\openout1 = `CV_English_Aburto.aux'.

LaTeX Font Info:    Checking defaults for OML/cmm/m/it on input line 231.
LaTeX Font Info:    ... okay on input line 231.
LaTeX Font Info:    Checking defaults for OMS/cmsy/m/n on input line 231.
LaTeX Font Info:    ... okay on input line 231.
LaTeX Font Info:    Checking defaults for OT1/cmr/m/n on input line 231.
LaTeX Font Info:    ... okay on input line 231.
LaTeX Font Info:    Checking defaults for T1/cmr/m/n on input line 231.
LaTeX Font Info:    ... okay on input line 231.
LaTeX Font Info:    Checking defaults for TS1/cmr/m/n on input line 231.
LaTeX Font Info:    ... okay on input line 231.
LaTeX Font Info:    Checking defaults for OMX/cmex/m/n on input line 231.
LaTeX Font Info:    ... okay on input line 231.
LaTeX Font Info:    Checking defaults for U/cmr/m/n on input line 231.
LaTeX Font Info:    ... okay on input line 231.
LaTeX Font Info:    Checking defaults for PD1/pdf/m/n on input line 231.
LaTeX Font Info:    ... okay on input line 231.

*geometry* driver: auto-detecting
*geometry* detected driver: pdftex
*geometry* verbose mode - [ preamble ] result:
* driver: pdftex
* paper: letterpaper
* layout: <same size as paper>
* layoutoffset:(h,v)=(0.0pt,0.0pt)
* modes: includemp 
* h-part:(L,W,R)=(72.26999pt, 469.75502pt, 72.26999pt)
* v-part:(T,H,B)=(72.26999pt, 650.43001pt, 72.26999pt)
* \paperwidth=614.295pt
* \paperheight=794.96999pt
* \textwidth=379.41754pt
* \textheight=650.43001pt
* \oddsidemargin=90.33748pt
* \evensidemargin=90.33748pt
* \topmargin=-37.0pt
* \headheight=12.0pt
* \headsep=25.0pt
* \topskip=12.0pt
* \footskip=30.0pt
* \marginparwidth=86.72377pt
* \marginparsep=3.61371pt
* \columnsep=10.0pt
* \skip\footins=10.8pt plus 4.0pt minus 2.0pt
* \hoffset=0.0pt
* \voffset=0.0pt
* \mag=1000
* \@twocolumnfalse
* \@twosidefalse
* \@mparswitchfalse
* \@reversemargintrue
* (1in=72.27pt=25.4mm, 1cm=28.453pt)

Package lastpage Info: Please have a look at the pageslts package at
(lastpage)             https://www.ctan.org/pkg/pageslts
(lastpage)             ! on input line 231.

(C:\Users\jmabu\AppData\Local\Programs\MiKTeX\tex/context/base/mkii\supp-pdf.mk
ii
[Loading MPS to PDF converter (version 2006.09.02).]
\scratchcounter=\count195
\scratchdimen=\dimen150
\scratchbox=\box47
\nofMPsegments=\count196
\nofMParguments=\count197
\everyMPshowfont=\toks20
\MPscratchCnt=\count198
\MPscratchDim=\dimen151
\MPnumerator=\count199
\makeMPintoPDFobject=\count266
\everyMPtoPDFconversion=\toks21
)
\AtBeginShipoutBox=\box48
Package hyperref Info: Link coloring ON on input line 231.
 (C:\Users\jmabu\AppData\Local\Programs\MiKTeX\tex/latex/hyperref\nameref.sty
Package: nameref 2019/09/16 v2.46 Cross-referencing by name of section

(C:\Users\jmabu\AppData\Local\Programs\MiKTeX\tex/latex/refcount\refcount.sty
Package: refcount 2019/12/15 v3.6 Data extraction from label references (HO)
)
(C:\Users\jmabu\AppData\Local\Programs\MiKTeX\tex/generic/gettitlestring\gettit
lestring.sty
Package: gettitlestring 2019/12/15 v1.6 Cleanup title references (HO)
)
\c@section@level=\count267
)
LaTeX Info: Redefining \ref on input line 231.
LaTeX Info: Redefining \pageref on input line 231.
LaTeX Info: Redefining \nameref on input line 231.
 (CV_English_Aburto.out) (CV_English_Aburto.out)
\@outlinefile=\write4
\openout4 = `CV_English_Aburto.out'.

\rcollength=\skip66
LaTeX Font Info:    External font `cmex10' loaded for size
(Font)              <12> on input line 244.
LaTeX Font Info:    External font `cmex10' loaded for size
(Font)              <8> on input line 244.
LaTeX Font Info:    External font `cmex10' loaded for size
(Font)              <6> on input line 244.

Overfull \hbox (2.07574pt too wide) in paragraph at lines 277--284
\OT1/cmr/m/n/12 University of South-ern Den-mark and Max Planck In-sti-tute for
 De-mo-graphic
 []


Overfull \hbox (4.33821pt too wide) in paragraph at lines 304--305
\OT1/cmr/m/n/12 So-ci-ol-ogy, Lev-er-hulme Cen-tre for De-mo-graphic Sci-ence a
nd Nuffield Col-lege,
 []


Underfull \hbox (badness 10000) in paragraph at lines 304--305

 []


Underfull \hbox (badness 10000) in paragraph at lines 306--307

 []


Overfull \hbox (3.74818pt too wide) in paragraph at lines 308--309
[]\OT1/cmr/m/n/12 01/07/2017-Present. \OT1/cmr/bx/n/12 Con-sul-tant (reg-u-lar 
ba-sis)\OT1/cmr/m/n/12 . World Bank. Projects:
 []


Underfull \hbox (badness 10000) in paragraph at lines 308--309

 []


Underfull \hbox (badness 10000) in paragraph at lines 310--311

 []


Overfull \hbox (6.40512pt too wide) in paragraph at lines 314--315
[]\OT1/cmr/m/n/12 01/08/2016-30/11/2016. \OT1/cmr/bx/n/12 Re-search As-sis-tant
\OT1/cmr/m/n/12 . Max-Planck Odense Cen-ter
 []


Underfull \hbox (badness 10000) in paragraph at lines 314--315

 []


Underfull \hbox (badness 10000) in paragraph at lines 316--317

 []

[1

{C:/Users/jmabu/AppData/Local/MiKTeX/pdftex/config/pdftex.map}]
Underfull \hbox (badness 10000) in paragraph at lines 318--319

 []


Overfull \hbox (9.26425pt too wide) in paragraph at lines 323--324
[]\OT1/cmr/bx/n/12 Marie Sk lodowska-Curie In-di-vid-ual Fel-low-ship\OT1/cmr/m
/n/12 . From EU Com-mis-sion
 []


Underfull \hbox (badness 10000) in paragraph at lines 323--324

 []


Underfull \hbox (badness 10000) in paragraph at lines 325--326

 []


Underfull \hbox (badness 10000) in paragraph at lines 328--329

 []


Underfull \hbox (badness 10000) in paragraph at lines 330--331

 []


Overfull \hbox (1.14087pt too wide) in paragraph at lines 332--334
[]\OT1/cmr/bx/n/12 Funding for re-search stay at Uni-ver-si-dad Autonoma de Ba
rcelona.
 []


Underfull \hbox (badness 10000) in paragraph at lines 332--334

 []


Underfull \hbox (badness 10000) in paragraph at lines 335--337

 []


Overfull \hbox (4.21187pt too wide) in paragraph at lines 338--339
[]\OT1/cmr/bx/n/12 Title: Health Sta-tus of the Pop-u-la-tion of Saudi Ara-bia.
 \OT1/cmr/m/n/12 De-scrip-tion:
 []


Underfull \hbox (badness 10000) in paragraph at lines 338--339

 []


Underfull \hbox (badness 10000) in paragraph at lines 341--342

 []


Overfull \hbox (18.84363pt too wide) in paragraph at lines 343--345
[]\OT1/cmr/bx/n/12 Health Sci-ences Fac-ulty fel-low-ship, Uni-ver-sity of Sout
h-ern Den-mark.
 []


Underfull \hbox (badness 10000) in paragraph at lines 343--345

 []


Overfull \hbox (3.66425pt too wide) in paragraph at lines 347--348
[]\OT1/cmr/bx/n/12 National Coun-cil of Sci-ence and Tech-nol-ogy (CONA-CYT) fu
nd-ing
 []


Underfull \hbox (badness 10000) in paragraph at lines 347--348

 []

[2]
Overfull \hbox (9.82396pt too wide) in paragraph at lines 350--351
[]\OT1/cmr/bx/n/12 National Coun-cil of Sci-ence and Tech-nol-ogy (CONA-CYT) St
udent-
 []


Underfull \hbox (badness 10000) in paragraph at lines 350--351

 []


Underfull \hbox (badness 10000) in paragraph at lines 353--354

 []


Underfull \hbox (badness 10000) in paragraph at lines 357--359

 []


Overfull \hbox (8.76408pt too wide) in paragraph at lines 360--362
\OT1/cmr/m/n/12 Major re-search fel-low-ships cre-ated by the Eu-ro-pean Union.
 These fel-low-ships
 []


Overfull \hbox (11.10063pt too wide) in paragraph at lines 360--362
\OT1/cmr/m/n/12 are among Eu-rope's most com-pet-i-tive and pres-ti-gious re-se
arch and in-no-va-tion
 []


Underfull \hbox (badness 10000) in paragraph at lines 360--362

 []


Underfull \hbox (badness 10000) in paragraph at lines 363--364

 []


Underfull \hbox (badness 10000) in paragraph at lines 365--366

 []


Underfull \hbox (badness 10000) in paragraph at lines 367--370

 []


Underfull \hbox (badness 10000) in paragraph at lines 371--374

 []


Underfull \hbox (badness 10000) in paragraph at lines 375--376

 []


Underfull \hbox (badness 10000) in paragraph at lines 381--383

 []

[3]
Overfull \hbox (13.75844pt too wide) in paragraph at lines 385--387
\OT1/cmr/m/n/12 database of age-structured COVID-19 cases and deaths''. (2021) 
\OT1/cmr/m/it/12 In-ter-na-tional
 []


Underfull \hbox (badness 10000) in paragraph at lines 385--387

 []


Underfull \hbox (badness 10000) in paragraph at lines 389--390

 []


Underfull \hbox (badness 10000) in paragraph at lines 391--392

 []


Underfull \hbox (badness 10000) in paragraph at lines 393--394

 []


Underfull \hbox (badness 10000) in paragraph at lines 395--397

 []


Overfull \hbox (2.73683pt too wide) in paragraph at lines 398--399
\OT1/cmr/m/n/12 and other de-mo-graphic fac-tors can con-tribute to un-der-stan
d-ing the COVID-
 []


Underfull \hbox (badness 10000) in paragraph at lines 398--399

 []


Overfull \hbox (41.79517pt too wide) in paragraph at lines 400--401
[]\OT1/cmr/m/n/12 19. Bergeron-Boucher, MP., \OT1/cmr/bx/n/12 Aburto, J.M.\OT1/
cmr/m/n/12 ., van Raalte, A. (2020) ``Di-ver-si-fi-ca-tion
 []


Underfull \hbox (badness 10000) in paragraph at lines 400--401

 []


Overfull \hbox (8.10419pt too wide) in paragraph at lines 402--403
\OT1/cmr/m/n/12 J.W. (2020) ``Dy-nam-ics of life ex-pectancy and lifes-pan equa
l-ity''. \OT1/cmr/m/it/12 Pro-ceed-ings
 []


Underfull \hbox (badness 10000) in paragraph at lines 402--403

 []


Underfull \hbox (badness 10000) in paragraph at lines 404--405

 []

[4]
Overfull \hbox (0.96771pt too wide) in paragraph at lines 406--408
[]\OT1/cmr/m/n/12 16. Riffe, T., \OT1/cmr/bx/n/12 Aburto, J.M.\OT1/cmr/m/n/12 .
 (2020) ``Lexis fields''. \OT1/cmr/m/it/12 De-mo-graphic Re-search\OT1/cmr/m/n/
12 . 
 []


Underfull \hbox (badness 10000) in paragraph at lines 406--408

 []


Overfull \hbox (5.9423pt too wide) in paragraph at lines 409--410
\OT1/cmr/m/n/12 vi-o-lence on Venezue-lan life ex-pectancy and lifes-pan in-equ
al-ity'' \OT1/cmr/m/it/12 In-ter-na-tional
 []


Underfull \hbox (badness 10000) in paragraph at lines 409--410

 []


Underfull \hbox (badness 10000) in paragraph at lines 411--412

 []


Underfull \hbox (badness 10000) in paragraph at lines 413--414

 []


Underfull \hbox (badness 10000) in paragraph at lines 415--416

 []


Overfull \hbox (2.02888pt too wide) in paragraph at lines 417--419
\OT1/cmr/m/n/12 multiples for re-gions in a spa-tially mean-ing-ful way''. \OT1
/cmr/m/it/12 De-mo-graphic Re-search\OT1/cmr/m/n/12 .
 []


Underfull \hbox (badness 10000) in paragraph at lines 417--419

 []


Underfull \hbox (badness 10000) in paragraph at lines 420--421

 []


Overfull \hbox (5.31273pt too wide) in paragraph at lines 422--423
\OT1/cmr/m/n/12 (2018). ``Po-ten-tial gains in life ex-pectancy by re-duc-ing i
n-equal-ity of lifes-pans
 []


Underfull \hbox (badness 10000) in paragraph at lines 422--423

 []


Overfull \hbox (3.84692pt too wide) in paragraph at lines 424--425
[]\OT1/cmr/m/n/12 8. \OT1/cmr/bx/n/12 Aburto, J.M.\OT1/cmr/m/n/12 , Riffe, T., 
Canudas-Romo, V. (2018) ``Trends in avoid-able
 []


Overfull \hbox (1.14278pt too wide) in paragraph at lines 424--425
\OT1/cmr/m/n/12 de-mo-graphic anal-y-sis''. \OT1/cmr/m/it/12 BMJ Open \OT1/cmr/
m/n/12 2018;8:e022350. doi: 10.1136/bmjopen-
 []


Underfull \hbox (badness 10000) in paragraph at lines 424--425

 []


Underfull \hbox (badness 10000) in paragraph at lines 426--427

 []

[5]
Underfull \hbox (badness 10000) in paragraph at lines 428--429

 []


Overfull \hbox (0.43506pt too wide) in paragraph at lines 430--431
\OT1/cmr/m/n/12 For Men And Slowed Them For Women, 2000-10''. \OT1/cmr/m/it/12 
Health Af-fairs\OT1/cmr/m/n/12 , 35(1),88-
 []


Underfull \hbox (badness 10000) in paragraph at lines 430--431

 []


Underfull \hbox (badness 10000) in paragraph at lines 432--433

 []


Underfull \hbox (badness 10000) in paragraph at lines 436--439

 []


Underfull \hbox (badness 10000) in paragraph at lines 440--441

 []


Underfull \hbox (badness 10000) in paragraph at lines 442--444

 []


Underfull \hbox (badness 10000) in paragraph at lines 447--448

 []


Underfull \hbox (badness 10000) in paragraph at lines 449--450

 []

[6]
Underfull \hbox (badness 10000) in paragraph at lines 451--452

 []


Underfull \hbox (badness 10000) in paragraph at lines 453--454

 []


Underfull \hbox (badness 10000) in paragraph at lines 455--456

 []


Underfull \hbox (badness 10000) in paragraph at lines 457--458

 []


Underfull \hbox (badness 10000) in paragraph at lines 459--460

 []


Overfull \hbox (9.7211pt too wide) in paragraph at lines 461--462
\OT1/cmr/m/n/12 de-creased life ex-pectancy. The Con-ver-sa-tion UK. [][]\OT1/c
mtt/m/n/12 https://bit.ly/2GwZjvS[][]\OT1/cmr/m/n/12 . 
 []


Underfull \hbox (badness 10000) in paragraph at lines 461--462

 []


Underfull \hbox (badness 10000) in paragraph at lines 464--465

 []


Underfull \hbox (badness 10000) in paragraph at lines 467--468

 []


Underfull \hbox (badness 10000) in paragraph at lines 469--470

 []


Underfull \hbox (badness 10000) in paragraph at lines 471--472

 []


Underfull \hbox (badness 10000) in paragraph at lines 473--475

 []

[7]
Underfull \hbox (badness 10000) in paragraph at lines 476--477

 []


Overfull \hbox (8.34235pt too wide) in paragraph at lines 478--479
\OT1/cmr/m/n/12 ``Be-yond Dif-fer-ences in Means: Ris-ing Mor-tal-ity Strat-i-f
i-ca-tion among In-come
 []


Underfull \hbox (badness 10000) in paragraph at lines 478--479

 []


Overfull \hbox (19.03696pt too wide) in paragraph at lines 482--483
\OT1/cmr/m/n/12 Mar-ius Pas-cariu. (2018-Ongoing) \OT1/cmr/bx/n/12 R pack-age D
e-mo-Tools\OT1/cmr/m/n/12 . Project de-vel-oped
 []


Underfull \hbox (badness 10000) in paragraph at lines 482--483

 []


Overfull \hbox (5.74454pt too wide) in paragraph at lines 484--486
[][]\OT1/cmtt/m/n/10.95 https://population-health.shinyapps.io/saudi-arabia-hea
lth-profile/[][] 
 []


Underfull \hbox (badness 10000) in paragraph at lines 484--486

 []


Underfull \hbox (badness 10000) in paragraph at lines 487--488

 []


Underfull \hbox (badness 10000) in paragraph at lines 491--492

 []


Underfull \hbox (badness 10000) in paragraph at lines 493--495

 []


Underfull \hbox (badness 10000) in paragraph at lines 496--497

 []


Underfull \hbox (badness 10000) in paragraph at lines 498--499

 []


Underfull \hbox (badness 10000) in paragraph at lines 500--501

 []


Underfull \hbox (badness 10000) in paragraph at lines 502--503

 []


Underfull \hbox (badness 10000) in paragraph at lines 504--505

 []

[8]
Underfull \hbox (badness 10000) in paragraph at lines 510--511

 []


Underfull \hbox (badness 10000) in paragraph at lines 512--513

 []


Underfull \hbox (badness 10000) in paragraph at lines 514--515

 []


Underfull \hbox (badness 10000) in paragraph at lines 516--517

 []


Underfull \hbox (badness 10000) in paragraph at lines 521--522

 []


Underfull \hbox (badness 10000) in paragraph at lines 524--525

 []


Overfull \hbox (6.66167pt too wide) in paragraph at lines 526--527
[]\OT1/cmr/m/n/10.95 2021 Or-ga-nizer of the we-bi-nar ``New per-spec-tives on 
lifes-pan in-equal-ity' Uni-ver-sity
 []


Underfull \hbox (badness 10000) in paragraph at lines 526--527

 []


Underfull \hbox (badness 10000) in paragraph at lines 528--529

 []


Underfull \hbox (badness 10000) in paragraph at lines 530--531

 []


Underfull \hbox (badness 10000) in paragraph at lines 532--533

 []


Underfull \hbox (badness 10000) in paragraph at lines 534--535

 []

LaTeX Font Info:    External font `cmex10' loaded for size
(Font)              <10.95> on input line 537.

Underfull \hbox (badness 10000) in paragraph at lines 537--538

 []

[9]
Underfull \hbox (badness 10000) in paragraph at lines 539--540

 []


Overfull \hbox (10.20676pt too wide) in paragraph at lines 541--542
[]\OT1/cmr/bx/n/10.95 Leveraging for-mal de-mog-ra-phy to un-der-stand lifes-pa
n in-equal-ity trends. 
 []


Underfull \hbox (badness 10000) in paragraph at lines 541--542

 []


Underfull \hbox (badness 10000) in paragraph at lines 543--544

 []


Underfull \hbox (badness 10000) in paragraph at lines 545--546

 []


Underfull \hbox (badness 10000) in paragraph at lines 547--548

 []


Underfull \hbox (badness 10000) in paragraph at lines 549--550

 []


Underfull \hbox (badness 10000) in paragraph at lines 551--552

 []


Underfull \hbox (badness 10000) in paragraph at lines 553--554

 []


Underfull \hbox (badness 10000) in paragraph at lines 555--556

 []


Underfull \hbox (badness 10000) in paragraph at lines 557--558

 []


Underfull \hbox (badness 10000) in paragraph at lines 559--560

 []


Underfull \hbox (badness 10000) in paragraph at lines 561--562

 []


Underfull \hbox (badness 10000) in paragraph at lines 564--565

 []


Overfull \hbox (5.29295pt too wide) in paragraph at lines 566--567
[]\OT1/cmr/m/n/10.95 Journals: BMJ, The Lancet Pub-lic Health, In-ter-na-tional
 Jour-nal of Epi-demi-ol-ogy,
 []


Overfull \hbox (29.60759pt too wide) in paragraph at lines 566--567
\OT1/cmr/m/n/10.95 Stud-ies, BMJ Global Health, BMJ Open, BMC Pub-lic Health, J
our-nal of Epi-demi-ol-ogy
 []


Overfull \hbox (4.22833pt too wide) in paragraph at lines 566--567
\OT1/cmr/m/n/10.95 Sci-ence & Medicine, PlosOne, Pop-u-la-tion Health Met-rics,
 De-mo-graphic Re-search,
 []


Overfull \hbox (21.77878pt too wide) in paragraph at lines 566--567
\OT1/cmr/m/n/10.95 Jour-nal of Health Pol-icy and Man-age-ment, In-jury Pre-ven
-tion, The-o-ret-i-cal Pop-u-la-tion
 []

[10]

Package hyperref Warning: Token not allowed in a PDF string (PDFDocEncoding):
(hyperref)                removing `\\' on input line 571.


Overfull \hbox (7.47867pt too wide) in paragraph at lines 573--574
[]\OT1/cmr/m/n/10.95 01/10/2019-30/11/2019. \OT1/cmr/bx/n/10.95 Vis-it-ing Scho
lar\OT1/cmr/m/n/10.95 . De-mo-graphic Cen-ter Stud-ies (CED),
 []


Underfull \hbox (badness 10000) in paragraph at lines 573--574

 []


Overfull \hbox (1.57785pt too wide) in paragraph at lines 575--577
[]\OT1/cmr/m/n/10.95 01/12/2018-04/01/2019. \OT1/cmr/bx/n/10.95 Vis-it-ing Scho
lar\OT1/cmr/m/n/10.95 . In-sti-tut na-tional d'etudes demogra-
 []


Underfull \hbox (badness 10000) in paragraph at lines 575--577

 []


Underfull \hbox (badness 10000) in paragraph at lines 578--579

 []


Underfull \hbox (badness 10000) in paragraph at lines 580--581

 []


Underfull \hbox (badness 10000) in paragraph at lines 582--583

 []


Package hyperref Warning: Token not allowed in a PDF string (PDFDocEncoding):
(hyperref)                removing `\\' on input line 587.


Package hyperref Warning: Token not allowed in a PDF string (PDFDocEncoding):
(hyperref)                removing `\\' on input line 587.


Underfull \hbox (badness 10000) in paragraph at lines 588--593

 []


Overfull \hbox (5.99408pt too wide) in paragraph at lines 594--596
[]\OT1/cmr/bx/n/10.95 Besides pop-u-la-tion age struc-ture, health and other de
-mo-graphic fac-tors
 []


Underfull \hbox (badness 10000) in paragraph at lines 594--596

 []


Overfull \hbox (6.67844pt too wide) in paragraph at lines 598--601
[]\OT1/cmr/bx/n/10.95 Latin Amer-i-can and Caribbean gov-ern-ments must in-crea
se the COVID-
 []


Overfull \hbox (9.04825pt too wide) in paragraph at lines 598--601
\OT1/cmr/m/n/10.95 Daily Mail (UK), Ya-hoo news (USA), El Es-pec-ta-dor (Colom-
bia), RND (Ger-many),
 []


Underfull \hbox (badness 10000) in paragraph at lines 598--601

 []


Underfull \hbox (badness 10000) in paragraph at lines 604--607

 []


Underfull \hbox (badness 10000) in paragraph at lines 609--614

 []

[11]
Underfull \hbox (badness 10000) in paragraph at lines 616--618

 []


Underfull \hbox (badness 10000) in paragraph at lines 621--626

 []


Underfull \hbox (badness 10000) in paragraph at lines 643--645

 []


Underfull \hbox (badness 10000) in paragraph at lines 647--648

 []

[12]
Underfull \hbox (badness 10000) in paragraph at lines 649--650

 []


Underfull \hbox (badness 10000) in paragraph at lines 651--652

 []


Underfull \hbox (badness 10000) in paragraph at lines 653--654

 []


Underfull \hbox (badness 10000) in paragraph at lines 655--656

 []


Underfull \hbox (badness 10000) in paragraph at lines 660--661

 []


Overfull \hbox (2.61627pt too wide) in paragraph at lines 662--663
\OT1/cmr/m/n/10.95 ex-pectancy and lifes-pan dis-per-sion: long-term pat-terns 
and emerg-ing crossovers''. 
 []


Underfull \hbox (badness 10000) in paragraph at lines 662--663

 []


Underfull \hbox (badness 10000) in paragraph at lines 664--665

 []


Underfull \hbox (badness 10000) in paragraph at lines 666--667

 []


Underfull \hbox (badness 10000) in paragraph at lines 669--670

 []


Underfull \hbox (badness 10000) in paragraph at lines 671--672

 []


AED: lastpage setting LastPage
[13]
Package atveryend Info: Empty hook `BeforeClearDocument' on input line 759.
Package atveryend Info: Empty hook `AfterLastShipout' on input line 759.
 (CV_English_Aburto.aux)
Package atveryend Info: Executing hook `AtVeryEndDocument' on input line 759.
Package atveryend Info: Executing hook `AtEndAfterFileList' on input line 759.
Package rerunfilecheck Info: File `CV_English_Aburto.out' has not changed.
(rerunfilecheck)             Checksum: 4E374A2C44E65C5670A495D41FF2A58A;945.
Package atveryend Info: Empty hook `AtVeryVeryEnd' on input line 759.
 ) 
Here is how much of TeX's memory you used:
 6118 strings out of 481199
 96352 string characters out of 2905595
 371370 words of memory out of 3000000
 21594 multiletter control sequences out of 15000+200000
 542647 words of font info for 54 fonts, out of 3000000 for 9000
 1141 hyphenation exceptions out of 8191
 43i,14n,45p,763b,312s stack positions out of 5000i,500n,10000p,200000b,50000s
 <C:\Users\jmabu\AppData\Local\MiKTeX\fonts/pk/ljfour/jknappen/ec/dpi600\tcrm
1200.pk><C:/Users/jmabu/AppData/Local/Programs/MiKTeX/fonts/type1/public/amsfon
ts/cm/cmbx10.pfb><C:/Users/jmabu/AppData/Local/Programs/MiKTeX/fonts/type1/publ
ic/amsfonts/cm/cmbx12.pfb><C:/Users/jmabu/AppData/Local/Programs/MiKTeX/fonts/t
ype1/public/amsfonts/cm/cmbxti10.pfb><C:/Users/jmabu/AppData/Local/Programs/MiK
TeX/fonts/type1/public/amsfonts/cm/cmcsc10.pfb><C:/Users/jmabu/AppData/Local/Pr
ograms/MiKTeX/fonts/type1/public/amsfonts/cm/cmr10.pfb><C:/Users/jmabu/AppData/
Local/Programs/MiKTeX/fonts/type1/public/amsfonts/cm/cmr12.pfb><C:/Users/jmabu/
AppData/Local/Programs/MiKTeX/fonts/type1/public/amsfonts/cm/cmsy8.pfb><C:/User
s/jmabu/AppData/Local/Programs/MiKTeX/fonts/type1/public/amsfonts/cm/cmti10.pfb
><C:/Users/jmabu/AppData/Local/Programs/MiKTeX/fonts/type1/public/amsfonts/cm/c
mti12.pfb><C:/Users/jmabu/AppData/Local/Programs/MiKTeX/fonts/type1/public/amsf
onts/cm/cmtt10.pfb><C:/Users/jmabu/AppData/Local/Programs/MiKTeX/fonts/type1/pu
blic/amsfonts/cm/cmtt12.pfb>
Output written on CV_English_Aburto.pdf (13 pages, 252505 bytes).
PDF statistics:
 253 PDF objects out of 1000 (max. 8388607)
 36 named destinations out of 1000 (max. 500000)
 129 words of extra memory for PDF output out of 10000 (max. 10000000)

